[2026-02-17T10:35:21.593+0000] {manager.py:469} INFO - Processing files using up to 2 processes at a time 
[2026-02-17T10:35:21.594+0000] {manager.py:470} INFO - Process each file at most once every 30 seconds
[2026-02-17T10:35:21.594+0000] {manager.py:471} INFO - Checking for new files in /opt/airflow/dags every 300 seconds
[2026-02-17T10:35:21.595+0000] {manager.py:738} INFO - Searching for files in /opt/airflow/dags
[2026-02-17T10:35:21.597+0000] {manager.py:741} INFO - There are 0 files in /opt/airflow/dags
[2026-02-17T10:40:22.077+0000] {manager.py:738} INFO - Searching for files in /opt/airflow/dags
[2026-02-17T10:40:22.080+0000] {manager.py:741} INFO - There are 0 files in /opt/airflow/dags
[2026-02-17T10:45:22.579+0000] {manager.py:738} INFO - Searching for files in /opt/airflow/dags
[2026-02-17T10:45:22.581+0000] {manager.py:741} INFO - There are 0 files in /opt/airflow/dags
[2026-02-17T10:50:23.225+0000] {manager.py:738} INFO - Searching for files in /opt/airflow/dags
[2026-02-17T10:50:23.229+0000] {manager.py:741} INFO - There are 0 files in /opt/airflow/dags
[2026-02-17T10:55:23.505+0000] {manager.py:738} INFO - Searching for files in /opt/airflow/dags
[2026-02-17T10:55:23.508+0000] {manager.py:741} INFO - There are 0 files in /opt/airflow/dags
[2026-02-17T11:00:23.898+0000] {manager.py:738} INFO - Searching for files in /opt/airflow/dags
[2026-02-17T11:00:23.910+0000] {manager.py:741} INFO - There are 1 files in /opt/airflow/dags
[2026-02-17T11:00:29.043+0000] {manager.py:879} INFO - 
================================================================================
DAG File Processing Stats

File Path                  PID    Runtime      # DAGs    # Errors  Last Runtime    Last Run
-------------------------  -----  ---------  --------  ----------  --------------  -------------------
/opt/airflow/dags/test.py                           1           0  0.29s           2026-02-17T11:00:24
================================================================================
[2026-02-17T11:00:59.477+0000] {manager.py:879} INFO - 
================================================================================
DAG File Processing Stats

File Path                  PID    Runtime      # DAGs    # Errors  Last Runtime    Last Run
-------------------------  -----  ---------  --------  ----------  --------------  -------------------
/opt/airflow/dags/test.py                           1           0  0.11s           2026-02-17T11:00:54
================================================================================
[2026-02-17T11:01:29.721+0000] {manager.py:879} INFO - 
================================================================================
DAG File Processing Stats

File Path                  PID    Runtime      # DAGs    # Errors  Last Runtime    Last Run
-------------------------  -----  ---------  --------  ----------  --------------  -------------------
/opt/airflow/dags/test.py                           1           0  0.10s           2026-02-17T11:01:24
================================================================================
[2026-02-17T11:02:00.005+0000] {manager.py:879} INFO - 
================================================================================
DAG File Processing Stats

File Path                  PID    Runtime      # DAGs    # Errors  Last Runtime    Last Run
-------------------------  -----  ---------  --------  ----------  --------------  -------------------
/opt/airflow/dags/test.py                           1           0  0.10s           2026-02-17T11:01:54
================================================================================
[2026-02-17T11:02:30.192+0000] {manager.py:879} INFO - 
================================================================================
DAG File Processing Stats

File Path                  PID    Runtime      # DAGs    # Errors  Last Runtime    Last Run
-------------------------  -----  ---------  --------  ----------  --------------  -------------------
/opt/airflow/dags/test.py                           1           0  0.11s           2026-02-17T11:02:25
================================================================================
[2026-02-17T11:03:00.418+0000] {manager.py:879} INFO - 
================================================================================
DAG File Processing Stats

File Path                  PID    Runtime      # DAGs    # Errors  Last Runtime    Last Run
-------------------------  -----  ---------  --------  ----------  --------------  -------------------
/opt/airflow/dags/test.py                           1           0  0.10s           2026-02-17T11:02:55
================================================================================
[2026-02-17T11:03:30.609+0000] {manager.py:879} INFO - 
================================================================================
DAG File Processing Stats

File Path                  PID    Runtime      # DAGs    # Errors  Last Runtime    Last Run
-------------------------  -----  ---------  --------  ----------  --------------  -------------------
/opt/airflow/dags/test.py                           1           0  0.09s           2026-02-17T11:03:25
================================================================================
[2026-02-17T11:04:00.826+0000] {manager.py:879} INFO - 
================================================================================
DAG File Processing Stats

File Path                  PID    Runtime      # DAGs    # Errors  Last Runtime    Last Run
-------------------------  -----  ---------  --------  ----------  --------------  -------------------
/opt/airflow/dags/test.py                           1           0  0.08s           2026-02-17T11:03:55
================================================================================
[2026-02-17T11:04:31.044+0000] {manager.py:879} INFO - 
================================================================================
DAG File Processing Stats

File Path                  PID    Runtime      # DAGs    # Errors  Last Runtime    Last Run
-------------------------  -----  ---------  --------  ----------  --------------  -------------------
/opt/airflow/dags/test.py                           1           0  0.08s           2026-02-17T11:04:26
================================================================================
[2026-02-17T11:05:01.303+0000] {manager.py:879} INFO - 
================================================================================
DAG File Processing Stats

File Path                  PID    Runtime      # DAGs    # Errors  Last Runtime    Last Run
-------------------------  -----  ---------  --------  ----------  --------------  -------------------
/opt/airflow/dags/test.py                           1           0  0.10s           2026-02-17T11:04:56
================================================================================
[2026-02-17T11:05:24.423+0000] {manager.py:738} INFO - Searching for files in /opt/airflow/dags
[2026-02-17T11:05:24.430+0000] {manager.py:741} INFO - There are 1 files in /opt/airflow/dags
[2026-02-17T11:05:31.502+0000] {manager.py:879} INFO - 
================================================================================
DAG File Processing Stats

File Path                  PID    Runtime      # DAGs    # Errors  Last Runtime    Last Run
-------------------------  -----  ---------  --------  ----------  --------------  -------------------
/opt/airflow/dags/test.py                           1           0  0.10s           2026-02-17T11:05:26
================================================================================
[2026-02-17T11:06:01.776+0000] {manager.py:879} INFO - 
================================================================================
DAG File Processing Stats

File Path                  PID    Runtime      # DAGs    # Errors  Last Runtime    Last Run
-------------------------  -----  ---------  --------  ----------  --------------  -------------------
/opt/airflow/dags/test.py                           1           0  0.10s           2026-02-17T11:05:56
================================================================================
[2026-02-17T11:06:31.996+0000] {manager.py:879} INFO - 
================================================================================
DAG File Processing Stats

File Path                  PID    Runtime      # DAGs    # Errors  Last Runtime    Last Run
-------------------------  -----  ---------  --------  ----------  --------------  -------------------
/opt/airflow/dags/test.py                           1           0  0.09s           2026-02-17T11:06:27
================================================================================
[2026-02-17T11:07:02.251+0000] {manager.py:879} INFO - 
================================================================================
DAG File Processing Stats

File Path                  PID    Runtime      # DAGs    # Errors  Last Runtime    Last Run
-------------------------  -----  ---------  --------  ----------  --------------  -------------------
/opt/airflow/dags/test.py                           1           0  0.08s           2026-02-17T11:06:57
================================================================================
[2026-02-17T11:07:32.487+0000] {manager.py:879} INFO - 
================================================================================
DAG File Processing Stats

File Path                  PID    Runtime      # DAGs    # Errors  Last Runtime    Last Run
-------------------------  -----  ---------  --------  ----------  --------------  -------------------
/opt/airflow/dags/test.py                           1           0  0.07s           2026-02-17T11:07:27
================================================================================
[2026-02-17T11:08:02.685+0000] {manager.py:879} INFO - 
================================================================================
DAG File Processing Stats

File Path                  PID    Runtime      # DAGs    # Errors  Last Runtime    Last Run
-------------------------  -----  ---------  --------  ----------  --------------  -------------------
/opt/airflow/dags/test.py                           1           0  0.08s           2026-02-17T11:07:57
================================================================================
[2026-02-17T11:08:32.968+0000] {manager.py:879} INFO - 
================================================================================
DAG File Processing Stats

File Path                  PID    Runtime      # DAGs    # Errors  Last Runtime    Last Run
-------------------------  -----  ---------  --------  ----------  --------------  -------------------
/opt/airflow/dags/test.py                           1           0  0.10s           2026-02-17T11:08:27
================================================================================
[2026-02-17T11:09:03.303+0000] {manager.py:879} INFO - 
================================================================================
DAG File Processing Stats

File Path                  PID    Runtime      # DAGs    # Errors  Last Runtime    Last Run
-------------------------  -----  ---------  --------  ----------  --------------  -------------------
/opt/airflow/dags/test.py                           1           0  0.11s           2026-02-17T11:08:58
================================================================================
[2026-02-17T11:09:33.513+0000] {manager.py:879} INFO - 
================================================================================
DAG File Processing Stats

File Path                  PID    Runtime      # DAGs    # Errors  Last Runtime    Last Run
-------------------------  -----  ---------  --------  ----------  --------------  -------------------
/opt/airflow/dags/test.py                           1           0  0.08s           2026-02-17T11:09:28
================================================================================
