[2026-02-24T12:29:58.275+0000] {processor.py:161} INFO - Started process (PID=709) to work on /opt/airflow/dags/dag_load_database.py
[2026-02-24T12:29:58.276+0000] {processor.py:830} INFO - Processing file /opt/airflow/dags/dag_load_database.py for tasks to queue
[2026-02-24T12:29:58.277+0000] {logging_mixin.py:188} INFO - [2026-02-24T12:29:58.277+0000] {dagbag.py:538} INFO - Filling up the DagBag from /opt/airflow/dags/dag_load_database.py
[2026-02-24T12:29:58.470+0000] {processor.py:840} INFO - DAG(s) 'dag_load_database' retrieved from /opt/airflow/dags/dag_load_database.py
[2026-02-24T12:29:58.544+0000] {logging_mixin.py:188} INFO - [2026-02-24T12:29:58.543+0000] {override.py:1769} INFO - Created Permission View: can read on DAG:dag_load_database
[2026-02-24T12:29:58.550+0000] {logging_mixin.py:188} INFO - [2026-02-24T12:29:58.550+0000] {override.py:1769} INFO - Created Permission View: can delete on DAG:dag_load_database
[2026-02-24T12:29:58.555+0000] {logging_mixin.py:188} INFO - [2026-02-24T12:29:58.554+0000] {override.py:1769} INFO - Created Permission View: can edit on DAG:dag_load_database
[2026-02-24T12:29:58.555+0000] {logging_mixin.py:188} INFO - [2026-02-24T12:29:58.555+0000] {dag.py:3036} INFO - Sync 1 DAGs
[2026-02-24T12:29:58.563+0000] {logging_mixin.py:188} INFO - [2026-02-24T12:29:58.562+0000] {dag.py:3058} INFO - Creating ORM DAG for dag_load_database
[2026-02-24T12:29:58.571+0000] {logging_mixin.py:188} INFO - [2026-02-24T12:29:58.571+0000] {dag.py:3823} INFO - Setting next_dagrun for dag_load_database to 2026-02-22 00:00:00+00:00, run_after=2026-03-01 00:00:00+00:00
[2026-02-24T12:29:58.692+0000] {processor.py:183} INFO - Processing /opt/airflow/dags/dag_load_database.py took 0.419 seconds
[2026-02-24T12:30:28.886+0000] {processor.py:161} INFO - Started process (PID=739) to work on /opt/airflow/dags/dag_load_database.py
[2026-02-24T12:30:28.887+0000] {processor.py:830} INFO - Processing file /opt/airflow/dags/dag_load_database.py for tasks to queue
[2026-02-24T12:30:28.888+0000] {logging_mixin.py:188} INFO - [2026-02-24T12:30:28.888+0000] {dagbag.py:538} INFO - Filling up the DagBag from /opt/airflow/dags/dag_load_database.py
[2026-02-24T12:30:29.048+0000] {processor.py:840} INFO - DAG(s) 'dag_load_database' retrieved from /opt/airflow/dags/dag_load_database.py
[2026-02-24T12:30:29.065+0000] {logging_mixin.py:188} INFO - [2026-02-24T12:30:29.065+0000] {dag.py:3036} INFO - Sync 1 DAGs
[2026-02-24T12:30:29.079+0000] {logging_mixin.py:188} INFO - [2026-02-24T12:30:29.079+0000] {dag.py:3823} INFO - Setting next_dagrun for dag_load_database to 2026-02-22 00:00:00+00:00, run_after=2026-03-01 00:00:00+00:00
[2026-02-24T12:30:29.167+0000] {processor.py:183} INFO - Processing /opt/airflow/dags/dag_load_database.py took 0.283 seconds
[2026-02-24T12:30:58.105+0000] {processor.py:161} INFO - Started process (PID=761) to work on /opt/airflow/dags/dag_load_database.py
[2026-02-24T12:30:58.106+0000] {processor.py:830} INFO - Processing file /opt/airflow/dags/dag_load_database.py for tasks to queue
[2026-02-24T12:30:58.107+0000] {logging_mixin.py:188} INFO - [2026-02-24T12:30:58.106+0000] {dagbag.py:538} INFO - Filling up the DagBag from /opt/airflow/dags/dag_load_database.py
[2026-02-24T12:30:58.322+0000] {processor.py:840} INFO - DAG(s) 'dag_load_database' retrieved from /opt/airflow/dags/dag_load_database.py
[2026-02-24T12:30:58.346+0000] {logging_mixin.py:188} INFO - [2026-02-24T12:30:58.346+0000] {dag.py:3036} INFO - Sync 1 DAGs
[2026-02-24T12:30:58.364+0000] {logging_mixin.py:188} INFO - [2026-02-24T12:30:58.363+0000] {dag.py:3823} INFO - Setting next_dagrun for dag_load_database to 2026-02-22 00:00:00+00:00, run_after=2026-03-01 00:00:00+00:00
[2026-02-24T12:30:58.380+0000] {processor.py:183} INFO - Processing /opt/airflow/dags/dag_load_database.py took 0.278 seconds
[2026-02-24T12:31:28.572+0000] {processor.py:161} INFO - Started process (PID=791) to work on /opt/airflow/dags/dag_load_database.py
[2026-02-24T12:31:28.572+0000] {processor.py:830} INFO - Processing file /opt/airflow/dags/dag_load_database.py for tasks to queue
[2026-02-24T12:31:28.573+0000] {logging_mixin.py:188} INFO - [2026-02-24T12:31:28.573+0000] {dagbag.py:538} INFO - Filling up the DagBag from /opt/airflow/dags/dag_load_database.py
[2026-02-24T12:31:28.749+0000] {processor.py:840} INFO - DAG(s) 'dag_load_database' retrieved from /opt/airflow/dags/dag_load_database.py
[2026-02-24T12:31:28.768+0000] {logging_mixin.py:188} INFO - [2026-02-24T12:31:28.768+0000] {dag.py:3036} INFO - Sync 1 DAGs
[2026-02-24T12:31:28.789+0000] {logging_mixin.py:188} INFO - [2026-02-24T12:31:28.789+0000] {dag.py:3823} INFO - Setting next_dagrun for dag_load_database to 2026-02-22 00:00:00+00:00, run_after=2026-03-01 00:00:00+00:00
[2026-02-24T12:31:28.807+0000] {processor.py:183} INFO - Processing /opt/airflow/dags/dag_load_database.py took 0.238 seconds
[2026-02-24T12:31:59.007+0000] {processor.py:161} INFO - Started process (PID=813) to work on /opt/airflow/dags/dag_load_database.py
[2026-02-24T12:31:59.008+0000] {processor.py:830} INFO - Processing file /opt/airflow/dags/dag_load_database.py for tasks to queue
[2026-02-24T12:31:59.008+0000] {logging_mixin.py:188} INFO - [2026-02-24T12:31:59.008+0000] {dagbag.py:538} INFO - Filling up the DagBag from /opt/airflow/dags/dag_load_database.py
[2026-02-24T12:31:59.207+0000] {processor.py:840} INFO - DAG(s) 'dag_load_database' retrieved from /opt/airflow/dags/dag_load_database.py
[2026-02-24T12:31:59.229+0000] {logging_mixin.py:188} INFO - [2026-02-24T12:31:59.229+0000] {dag.py:3036} INFO - Sync 1 DAGs
[2026-02-24T12:31:59.249+0000] {logging_mixin.py:188} INFO - [2026-02-24T12:31:59.248+0000] {dag.py:3823} INFO - Setting next_dagrun for dag_load_database to 2026-02-22 00:00:00+00:00, run_after=2026-03-01 00:00:00+00:00
[2026-02-24T12:31:59.266+0000] {processor.py:183} INFO - Processing /opt/airflow/dags/dag_load_database.py took 0.262 seconds
[2026-02-24T12:32:29.497+0000] {processor.py:161} INFO - Started process (PID=843) to work on /opt/airflow/dags/dag_load_database.py
[2026-02-24T12:32:29.498+0000] {processor.py:830} INFO - Processing file /opt/airflow/dags/dag_load_database.py for tasks to queue
[2026-02-24T12:32:29.498+0000] {logging_mixin.py:188} INFO - [2026-02-24T12:32:29.498+0000] {dagbag.py:538} INFO - Filling up the DagBag from /opt/airflow/dags/dag_load_database.py
[2026-02-24T12:32:29.678+0000] {processor.py:840} INFO - DAG(s) 'dag_load_database' retrieved from /opt/airflow/dags/dag_load_database.py
[2026-02-24T12:32:29.701+0000] {logging_mixin.py:188} INFO - [2026-02-24T12:32:29.700+0000] {dag.py:3036} INFO - Sync 1 DAGs
[2026-02-24T12:32:29.718+0000] {logging_mixin.py:188} INFO - [2026-02-24T12:32:29.718+0000] {dag.py:3823} INFO - Setting next_dagrun for dag_load_database to 2026-02-22 00:00:00+00:00, run_after=2026-03-01 00:00:00+00:00
[2026-02-24T12:32:29.734+0000] {processor.py:183} INFO - Processing /opt/airflow/dags/dag_load_database.py took 0.240 seconds
[2026-02-24T12:32:59.930+0000] {processor.py:161} INFO - Started process (PID=873) to work on /opt/airflow/dags/dag_load_database.py
[2026-02-24T12:32:59.930+0000] {processor.py:830} INFO - Processing file /opt/airflow/dags/dag_load_database.py for tasks to queue
[2026-02-24T12:32:59.931+0000] {logging_mixin.py:188} INFO - [2026-02-24T12:32:59.931+0000] {dagbag.py:538} INFO - Filling up the DagBag from /opt/airflow/dags/dag_load_database.py
[2026-02-24T12:33:00.109+0000] {processor.py:840} INFO - DAG(s) 'dag_load_database' retrieved from /opt/airflow/dags/dag_load_database.py
[2026-02-24T12:33:00.130+0000] {logging_mixin.py:188} INFO - [2026-02-24T12:33:00.130+0000] {dag.py:3036} INFO - Sync 1 DAGs
[2026-02-24T12:33:00.146+0000] {logging_mixin.py:188} INFO - [2026-02-24T12:33:00.146+0000] {dag.py:3823} INFO - Setting next_dagrun for dag_load_database to 2026-02-22 00:00:00+00:00, run_after=2026-03-01 00:00:00+00:00
[2026-02-24T12:33:00.159+0000] {processor.py:183} INFO - Processing /opt/airflow/dags/dag_load_database.py took 0.232 seconds
[2026-02-24T12:33:30.333+0000] {processor.py:161} INFO - Started process (PID=895) to work on /opt/airflow/dags/dag_load_database.py
[2026-02-24T12:33:30.334+0000] {processor.py:830} INFO - Processing file /opt/airflow/dags/dag_load_database.py for tasks to queue
[2026-02-24T12:33:30.335+0000] {logging_mixin.py:188} INFO - [2026-02-24T12:33:30.335+0000] {dagbag.py:538} INFO - Filling up the DagBag from /opt/airflow/dags/dag_load_database.py
[2026-02-24T12:33:30.514+0000] {processor.py:840} INFO - DAG(s) 'dag_load_database' retrieved from /opt/airflow/dags/dag_load_database.py
[2026-02-24T12:33:30.535+0000] {logging_mixin.py:188} INFO - [2026-02-24T12:33:30.535+0000] {dag.py:3036} INFO - Sync 1 DAGs
[2026-02-24T12:33:30.551+0000] {logging_mixin.py:188} INFO - [2026-02-24T12:33:30.551+0000] {dag.py:3823} INFO - Setting next_dagrun for dag_load_database to 2026-02-22 00:00:00+00:00, run_after=2026-03-01 00:00:00+00:00
[2026-02-24T12:33:30.657+0000] {processor.py:183} INFO - Processing /opt/airflow/dags/dag_load_database.py took 0.327 seconds
[2026-02-24T12:34:00.929+0000] {processor.py:161} INFO - Started process (PID=925) to work on /opt/airflow/dags/dag_load_database.py
[2026-02-24T12:34:00.930+0000] {processor.py:830} INFO - Processing file /opt/airflow/dags/dag_load_database.py for tasks to queue
[2026-02-24T12:34:00.931+0000] {logging_mixin.py:188} INFO - [2026-02-24T12:34:00.931+0000] {dagbag.py:538} INFO - Filling up the DagBag from /opt/airflow/dags/dag_load_database.py
[2026-02-24T12:34:01.118+0000] {processor.py:840} INFO - DAG(s) 'dag_load_database' retrieved from /opt/airflow/dags/dag_load_database.py
[2026-02-24T12:34:01.139+0000] {logging_mixin.py:188} INFO - [2026-02-24T12:34:01.139+0000] {dag.py:3036} INFO - Sync 1 DAGs
[2026-02-24T12:34:01.156+0000] {logging_mixin.py:188} INFO - [2026-02-24T12:34:01.156+0000] {dag.py:3823} INFO - Setting next_dagrun for dag_load_database to 2026-02-22 00:00:00+00:00, run_after=2026-03-01 00:00:00+00:00
[2026-02-24T12:34:01.169+0000] {processor.py:183} INFO - Processing /opt/airflow/dags/dag_load_database.py took 0.242 seconds
[2026-02-24T12:34:12.002+0000] {processor.py:161} INFO - Started process (PID=939) to work on /opt/airflow/dags/dag_load_database.py
[2026-02-24T12:34:12.003+0000] {processor.py:830} INFO - Processing file /opt/airflow/dags/dag_load_database.py for tasks to queue
[2026-02-24T12:34:12.004+0000] {logging_mixin.py:188} INFO - [2026-02-24T12:34:12.004+0000] {dagbag.py:538} INFO - Filling up the DagBag from /opt/airflow/dags/dag_load_database.py
[2026-02-24T12:34:12.218+0000] {processor.py:840} INFO - DAG(s) 'dag_load_database' retrieved from /opt/airflow/dags/dag_load_database.py
[2026-02-24T12:34:12.439+0000] {logging_mixin.py:188} INFO - [2026-02-24T12:34:12.438+0000] {dag.py:3036} INFO - Sync 1 DAGs
[2026-02-24T12:34:12.452+0000] {logging_mixin.py:188} INFO - [2026-02-24T12:34:12.451+0000] {dag.py:3823} INFO - Setting next_dagrun for dag_load_database to 2027-01-01 00:00:00+00:00, run_after=2028-01-01 00:00:00+00:00
[2026-02-24T12:34:12.465+0000] {processor.py:183} INFO - Processing /opt/airflow/dags/dag_load_database.py took 0.466 seconds
[2026-02-24T12:34:42.618+0000] {processor.py:161} INFO - Started process (PID=969) to work on /opt/airflow/dags/dag_load_database.py
[2026-02-24T12:34:42.619+0000] {processor.py:830} INFO - Processing file /opt/airflow/dags/dag_load_database.py for tasks to queue
[2026-02-24T12:34:42.619+0000] {logging_mixin.py:188} INFO - [2026-02-24T12:34:42.619+0000] {dagbag.py:538} INFO - Filling up the DagBag from /opt/airflow/dags/dag_load_database.py
[2026-02-24T12:34:42.798+0000] {processor.py:840} INFO - DAG(s) 'dag_load_database' retrieved from /opt/airflow/dags/dag_load_database.py
[2026-02-24T12:34:42.820+0000] {logging_mixin.py:188} INFO - [2026-02-24T12:34:42.819+0000] {dag.py:3036} INFO - Sync 1 DAGs
[2026-02-24T12:34:42.835+0000] {logging_mixin.py:188} INFO - [2026-02-24T12:34:42.835+0000] {dag.py:3823} INFO - Setting next_dagrun for dag_load_database to 2027-01-01 00:00:00+00:00, run_after=2028-01-01 00:00:00+00:00
[2026-02-24T12:34:42.849+0000] {processor.py:183} INFO - Processing /opt/airflow/dags/dag_load_database.py took 0.234 seconds
[2026-02-24T12:35:13.043+0000] {processor.py:161} INFO - Started process (PID=991) to work on /opt/airflow/dags/dag_load_database.py
[2026-02-24T12:35:13.044+0000] {processor.py:830} INFO - Processing file /opt/airflow/dags/dag_load_database.py for tasks to queue
[2026-02-24T12:35:13.045+0000] {logging_mixin.py:188} INFO - [2026-02-24T12:35:13.045+0000] {dagbag.py:538} INFO - Filling up the DagBag from /opt/airflow/dags/dag_load_database.py
[2026-02-24T12:35:13.247+0000] {processor.py:840} INFO - DAG(s) 'dag_load_database' retrieved from /opt/airflow/dags/dag_load_database.py
[2026-02-24T12:35:13.273+0000] {logging_mixin.py:188} INFO - [2026-02-24T12:35:13.273+0000] {dag.py:3036} INFO - Sync 1 DAGs
[2026-02-24T12:35:13.290+0000] {logging_mixin.py:188} INFO - [2026-02-24T12:35:13.290+0000] {dag.py:3823} INFO - Setting next_dagrun for dag_load_database to 2027-01-01 00:00:00+00:00, run_after=2028-01-01 00:00:00+00:00
[2026-02-24T12:35:13.303+0000] {processor.py:183} INFO - Processing /opt/airflow/dags/dag_load_database.py took 0.263 seconds
[2026-02-24T12:35:43.470+0000] {processor.py:161} INFO - Started process (PID=1021) to work on /opt/airflow/dags/dag_load_database.py
[2026-02-24T12:35:43.470+0000] {processor.py:830} INFO - Processing file /opt/airflow/dags/dag_load_database.py for tasks to queue
[2026-02-24T12:35:43.471+0000] {logging_mixin.py:188} INFO - [2026-02-24T12:35:43.471+0000] {dagbag.py:538} INFO - Filling up the DagBag from /opt/airflow/dags/dag_load_database.py
[2026-02-24T12:35:43.650+0000] {processor.py:840} INFO - DAG(s) 'dag_load_database' retrieved from /opt/airflow/dags/dag_load_database.py
[2026-02-24T12:35:43.674+0000] {logging_mixin.py:188} INFO - [2026-02-24T12:35:43.673+0000] {dag.py:3036} INFO - Sync 1 DAGs
[2026-02-24T12:35:43.692+0000] {logging_mixin.py:188} INFO - [2026-02-24T12:35:43.691+0000] {dag.py:3823} INFO - Setting next_dagrun for dag_load_database to 2027-01-01 00:00:00+00:00, run_after=2028-01-01 00:00:00+00:00
[2026-02-24T12:35:43.707+0000] {processor.py:183} INFO - Processing /opt/airflow/dags/dag_load_database.py took 0.240 seconds
[2026-02-24T12:36:13.897+0000] {processor.py:161} INFO - Started process (PID=1051) to work on /opt/airflow/dags/dag_load_database.py
[2026-02-24T12:36:13.899+0000] {processor.py:830} INFO - Processing file /opt/airflow/dags/dag_load_database.py for tasks to queue
[2026-02-24T12:36:13.900+0000] {logging_mixin.py:188} INFO - [2026-02-24T12:36:13.899+0000] {dagbag.py:538} INFO - Filling up the DagBag from /opt/airflow/dags/dag_load_database.py
[2026-02-24T12:36:14.095+0000] {processor.py:840} INFO - DAG(s) 'dag_load_database' retrieved from /opt/airflow/dags/dag_load_database.py
[2026-02-24T12:36:14.122+0000] {logging_mixin.py:188} INFO - [2026-02-24T12:36:14.121+0000] {dag.py:3036} INFO - Sync 1 DAGs
[2026-02-24T12:36:14.138+0000] {logging_mixin.py:188} INFO - [2026-02-24T12:36:14.138+0000] {dag.py:3823} INFO - Setting next_dagrun for dag_load_database to 2027-01-01 00:00:00+00:00, run_after=2028-01-01 00:00:00+00:00
[2026-02-24T12:36:14.245+0000] {processor.py:183} INFO - Processing /opt/airflow/dags/dag_load_database.py took 0.351 seconds
[2026-02-24T12:36:44.462+0000] {processor.py:161} INFO - Started process (PID=1073) to work on /opt/airflow/dags/dag_load_database.py
[2026-02-24T12:36:44.463+0000] {processor.py:830} INFO - Processing file /opt/airflow/dags/dag_load_database.py for tasks to queue
[2026-02-24T12:36:44.464+0000] {logging_mixin.py:188} INFO - [2026-02-24T12:36:44.464+0000] {dagbag.py:538} INFO - Filling up the DagBag from /opt/airflow/dags/dag_load_database.py
[2026-02-24T12:36:44.648+0000] {processor.py:840} INFO - DAG(s) 'dag_load_database' retrieved from /opt/airflow/dags/dag_load_database.py
[2026-02-24T12:36:44.672+0000] {logging_mixin.py:188} INFO - [2026-02-24T12:36:44.672+0000] {dag.py:3036} INFO - Sync 1 DAGs
[2026-02-24T12:36:44.807+0000] {logging_mixin.py:188} INFO - [2026-02-24T12:36:44.806+0000] {dag.py:3823} INFO - Setting next_dagrun for dag_load_database to 2027-01-01 00:00:00+00:00, run_after=2028-01-01 00:00:00+00:00
[2026-02-24T12:36:44.821+0000] {processor.py:183} INFO - Processing /opt/airflow/dags/dag_load_database.py took 0.362 seconds
[2026-02-24T12:37:14.985+0000] {processor.py:161} INFO - Started process (PID=1103) to work on /opt/airflow/dags/dag_load_database.py
[2026-02-24T12:37:14.986+0000] {processor.py:830} INFO - Processing file /opt/airflow/dags/dag_load_database.py for tasks to queue
[2026-02-24T12:37:14.987+0000] {logging_mixin.py:188} INFO - [2026-02-24T12:37:14.987+0000] {dagbag.py:538} INFO - Filling up the DagBag from /opt/airflow/dags/dag_load_database.py
[2026-02-24T12:37:15.176+0000] {processor.py:840} INFO - DAG(s) 'dag_load_database' retrieved from /opt/airflow/dags/dag_load_database.py
[2026-02-24T12:37:15.198+0000] {logging_mixin.py:188} INFO - [2026-02-24T12:37:15.197+0000] {dag.py:3036} INFO - Sync 1 DAGs
[2026-02-24T12:37:15.215+0000] {logging_mixin.py:188} INFO - [2026-02-24T12:37:15.214+0000] {dag.py:3823} INFO - Setting next_dagrun for dag_load_database to 2027-01-01 00:00:00+00:00, run_after=2028-01-01 00:00:00+00:00
[2026-02-24T12:37:15.229+0000] {processor.py:183} INFO - Processing /opt/airflow/dags/dag_load_database.py took 0.246 seconds
[2026-02-24T12:37:45.399+0000] {processor.py:161} INFO - Started process (PID=1132) to work on /opt/airflow/dags/dag_load_database.py
[2026-02-24T12:37:45.400+0000] {processor.py:830} INFO - Processing file /opt/airflow/dags/dag_load_database.py for tasks to queue
[2026-02-24T12:37:45.400+0000] {logging_mixin.py:188} INFO - [2026-02-24T12:37:45.400+0000] {dagbag.py:538} INFO - Filling up the DagBag from /opt/airflow/dags/dag_load_database.py
[2026-02-24T12:37:45.602+0000] {processor.py:840} INFO - DAG(s) 'dag_load_database' retrieved from /opt/airflow/dags/dag_load_database.py
[2026-02-24T12:37:45.627+0000] {logging_mixin.py:188} INFO - [2026-02-24T12:37:45.627+0000] {dag.py:3036} INFO - Sync 1 DAGs
[2026-02-24T12:37:45.644+0000] {logging_mixin.py:188} INFO - [2026-02-24T12:37:45.644+0000] {dag.py:3823} INFO - Setting next_dagrun for dag_load_database to 2027-01-01 00:00:00+00:00, run_after=2028-01-01 00:00:00+00:00
[2026-02-24T12:37:45.657+0000] {processor.py:183} INFO - Processing /opt/airflow/dags/dag_load_database.py took 0.263 seconds
[2026-02-24T12:38:15.844+0000] {processor.py:161} INFO - Started process (PID=1155) to work on /opt/airflow/dags/dag_load_database.py
[2026-02-24T12:38:15.845+0000] {processor.py:830} INFO - Processing file /opt/airflow/dags/dag_load_database.py for tasks to queue
[2026-02-24T12:38:15.846+0000] {logging_mixin.py:188} INFO - [2026-02-24T12:38:15.846+0000] {dagbag.py:538} INFO - Filling up the DagBag from /opt/airflow/dags/dag_load_database.py
[2026-02-24T12:38:16.013+0000] {processor.py:840} INFO - DAG(s) 'dag_load_database' retrieved from /opt/airflow/dags/dag_load_database.py
[2026-02-24T12:38:16.034+0000] {logging_mixin.py:188} INFO - [2026-02-24T12:38:16.034+0000] {dag.py:3036} INFO - Sync 1 DAGs
[2026-02-24T12:38:16.050+0000] {logging_mixin.py:188} INFO - [2026-02-24T12:38:16.050+0000] {dag.py:3823} INFO - Setting next_dagrun for dag_load_database to 2027-01-01 00:00:00+00:00, run_after=2028-01-01 00:00:00+00:00
[2026-02-24T12:38:16.064+0000] {processor.py:183} INFO - Processing /opt/airflow/dags/dag_load_database.py took 0.222 seconds
[2026-02-24T12:38:46.267+0000] {processor.py:161} INFO - Started process (PID=1185) to work on /opt/airflow/dags/dag_load_database.py
[2026-02-24T12:38:46.267+0000] {processor.py:830} INFO - Processing file /opt/airflow/dags/dag_load_database.py for tasks to queue
[2026-02-24T12:38:46.268+0000] {logging_mixin.py:188} INFO - [2026-02-24T12:38:46.268+0000] {dagbag.py:538} INFO - Filling up the DagBag from /opt/airflow/dags/dag_load_database.py
[2026-02-24T12:38:46.452+0000] {processor.py:840} INFO - DAG(s) 'dag_load_database' retrieved from /opt/airflow/dags/dag_load_database.py
[2026-02-24T12:38:46.484+0000] {logging_mixin.py:188} INFO - [2026-02-24T12:38:46.484+0000] {dag.py:3036} INFO - Sync 1 DAGs
[2026-02-24T12:38:46.507+0000] {logging_mixin.py:188} INFO - [2026-02-24T12:38:46.507+0000] {dag.py:3823} INFO - Setting next_dagrun for dag_load_database to 2027-01-01 00:00:00+00:00, run_after=2028-01-01 00:00:00+00:00
[2026-02-24T12:38:46.529+0000] {processor.py:183} INFO - Processing /opt/airflow/dags/dag_load_database.py took 0.265 seconds
[2026-02-24T12:39:16.725+0000] {processor.py:161} INFO - Started process (PID=1207) to work on /opt/airflow/dags/dag_load_database.py
[2026-02-24T12:39:16.725+0000] {processor.py:830} INFO - Processing file /opt/airflow/dags/dag_load_database.py for tasks to queue
[2026-02-24T12:39:16.726+0000] {logging_mixin.py:188} INFO - [2026-02-24T12:39:16.726+0000] {dagbag.py:538} INFO - Filling up the DagBag from /opt/airflow/dags/dag_load_database.py
[2026-02-24T12:39:16.914+0000] {processor.py:840} INFO - DAG(s) 'dag_load_database' retrieved from /opt/airflow/dags/dag_load_database.py
[2026-02-24T12:39:16.937+0000] {logging_mixin.py:188} INFO - [2026-02-24T12:39:16.937+0000] {dag.py:3036} INFO - Sync 1 DAGs
[2026-02-24T12:39:17.062+0000] {logging_mixin.py:188} INFO - [2026-02-24T12:39:17.061+0000] {dag.py:3823} INFO - Setting next_dagrun for dag_load_database to 2027-01-01 00:00:00+00:00, run_after=2028-01-01 00:00:00+00:00
[2026-02-24T12:39:17.074+0000] {processor.py:183} INFO - Processing /opt/airflow/dags/dag_load_database.py took 0.352 seconds
[2026-02-24T12:39:47.291+0000] {processor.py:161} INFO - Started process (PID=1237) to work on /opt/airflow/dags/dag_load_database.py
[2026-02-24T12:39:47.292+0000] {processor.py:830} INFO - Processing file /opt/airflow/dags/dag_load_database.py for tasks to queue
[2026-02-24T12:39:47.292+0000] {logging_mixin.py:188} INFO - [2026-02-24T12:39:47.292+0000] {dagbag.py:538} INFO - Filling up the DagBag from /opt/airflow/dags/dag_load_database.py
[2026-02-24T12:39:47.471+0000] {processor.py:840} INFO - DAG(s) 'dag_load_database' retrieved from /opt/airflow/dags/dag_load_database.py
[2026-02-24T12:39:47.495+0000] {logging_mixin.py:188} INFO - [2026-02-24T12:39:47.495+0000] {dag.py:3036} INFO - Sync 1 DAGs
[2026-02-24T12:39:47.513+0000] {logging_mixin.py:188} INFO - [2026-02-24T12:39:47.512+0000] {dag.py:3823} INFO - Setting next_dagrun for dag_load_database to 2027-01-01 00:00:00+00:00, run_after=2028-01-01 00:00:00+00:00
[2026-02-24T12:39:47.527+0000] {processor.py:183} INFO - Processing /opt/airflow/dags/dag_load_database.py took 0.239 seconds
[2026-02-24T12:40:17.684+0000] {processor.py:161} INFO - Started process (PID=1267) to work on /opt/airflow/dags/dag_load_database.py
[2026-02-24T12:40:17.684+0000] {processor.py:830} INFO - Processing file /opt/airflow/dags/dag_load_database.py for tasks to queue
[2026-02-24T12:40:17.685+0000] {logging_mixin.py:188} INFO - [2026-02-24T12:40:17.685+0000] {dagbag.py:538} INFO - Filling up the DagBag from /opt/airflow/dags/dag_load_database.py
[2026-02-24T12:40:17.864+0000] {processor.py:840} INFO - DAG(s) 'dag_load_database' retrieved from /opt/airflow/dags/dag_load_database.py
[2026-02-24T12:40:17.885+0000] {logging_mixin.py:188} INFO - [2026-02-24T12:40:17.885+0000] {dag.py:3036} INFO - Sync 1 DAGs
[2026-02-24T12:40:17.901+0000] {logging_mixin.py:188} INFO - [2026-02-24T12:40:17.901+0000] {dag.py:3823} INFO - Setting next_dagrun for dag_load_database to 2027-01-01 00:00:00+00:00, run_after=2028-01-01 00:00:00+00:00
[2026-02-24T12:40:17.916+0000] {processor.py:183} INFO - Processing /opt/airflow/dags/dag_load_database.py took 0.234 seconds
[2026-02-24T12:40:48.112+0000] {processor.py:161} INFO - Started process (PID=1289) to work on /opt/airflow/dags/dag_load_database.py
[2026-02-24T12:40:48.113+0000] {processor.py:830} INFO - Processing file /opt/airflow/dags/dag_load_database.py for tasks to queue
[2026-02-24T12:40:48.114+0000] {logging_mixin.py:188} INFO - [2026-02-24T12:40:48.114+0000] {dagbag.py:538} INFO - Filling up the DagBag from /opt/airflow/dags/dag_load_database.py
[2026-02-24T12:40:48.318+0000] {processor.py:840} INFO - DAG(s) 'dag_load_database' retrieved from /opt/airflow/dags/dag_load_database.py
[2026-02-24T12:40:48.344+0000] {logging_mixin.py:188} INFO - [2026-02-24T12:40:48.343+0000] {dag.py:3036} INFO - Sync 1 DAGs
[2026-02-24T12:40:48.361+0000] {logging_mixin.py:188} INFO - [2026-02-24T12:40:48.361+0000] {dag.py:3823} INFO - Setting next_dagrun for dag_load_database to 2027-01-01 00:00:00+00:00, run_after=2028-01-01 00:00:00+00:00
[2026-02-24T12:40:48.375+0000] {processor.py:183} INFO - Processing /opt/airflow/dags/dag_load_database.py took 0.266 seconds
[2026-02-24T12:41:18.548+0000] {processor.py:161} INFO - Started process (PID=1319) to work on /opt/airflow/dags/dag_load_database.py
[2026-02-24T12:41:18.549+0000] {processor.py:830} INFO - Processing file /opt/airflow/dags/dag_load_database.py for tasks to queue
[2026-02-24T12:41:18.550+0000] {logging_mixin.py:188} INFO - [2026-02-24T12:41:18.550+0000] {dagbag.py:538} INFO - Filling up the DagBag from /opt/airflow/dags/dag_load_database.py
[2026-02-24T12:41:18.738+0000] {processor.py:840} INFO - DAG(s) 'dag_load_database' retrieved from /opt/airflow/dags/dag_load_database.py
[2026-02-24T12:41:18.761+0000] {logging_mixin.py:188} INFO - [2026-02-24T12:41:18.761+0000] {dag.py:3036} INFO - Sync 1 DAGs
[2026-02-24T12:41:18.777+0000] {logging_mixin.py:188} INFO - [2026-02-24T12:41:18.777+0000] {dag.py:3823} INFO - Setting next_dagrun for dag_load_database to 2027-01-01 00:00:00+00:00, run_after=2028-01-01 00:00:00+00:00
[2026-02-24T12:41:18.790+0000] {processor.py:183} INFO - Processing /opt/airflow/dags/dag_load_database.py took 0.245 seconds
[2026-02-24T12:41:48.971+0000] {processor.py:161} INFO - Started process (PID=1349) to work on /opt/airflow/dags/dag_load_database.py
[2026-02-24T12:41:48.972+0000] {processor.py:830} INFO - Processing file /opt/airflow/dags/dag_load_database.py for tasks to queue
[2026-02-24T12:41:48.973+0000] {logging_mixin.py:188} INFO - [2026-02-24T12:41:48.973+0000] {dagbag.py:538} INFO - Filling up the DagBag from /opt/airflow/dags/dag_load_database.py
[2026-02-24T12:41:49.139+0000] {processor.py:840} INFO - DAG(s) 'dag_load_database' retrieved from /opt/airflow/dags/dag_load_database.py
[2026-02-24T12:41:49.160+0000] {logging_mixin.py:188} INFO - [2026-02-24T12:41:49.160+0000] {dag.py:3036} INFO - Sync 1 DAGs
[2026-02-24T12:41:49.177+0000] {logging_mixin.py:188} INFO - [2026-02-24T12:41:49.176+0000] {dag.py:3823} INFO - Setting next_dagrun for dag_load_database to 2027-01-01 00:00:00+00:00, run_after=2028-01-01 00:00:00+00:00
[2026-02-24T12:41:49.283+0000] {processor.py:183} INFO - Processing /opt/airflow/dags/dag_load_database.py took 0.314 seconds
[2026-02-24T12:42:19.448+0000] {processor.py:161} INFO - Started process (PID=1371) to work on /opt/airflow/dags/dag_load_database.py
[2026-02-24T12:42:19.449+0000] {processor.py:830} INFO - Processing file /opt/airflow/dags/dag_load_database.py for tasks to queue
[2026-02-24T12:42:19.449+0000] {logging_mixin.py:188} INFO - [2026-02-24T12:42:19.449+0000] {dagbag.py:538} INFO - Filling up the DagBag from /opt/airflow/dags/dag_load_database.py
[2026-02-24T12:42:19.647+0000] {processor.py:840} INFO - DAG(s) 'dag_load_database' retrieved from /opt/airflow/dags/dag_load_database.py
[2026-02-24T12:42:19.668+0000] {logging_mixin.py:188} INFO - [2026-02-24T12:42:19.668+0000] {dag.py:3036} INFO - Sync 1 DAGs
[2026-02-24T12:42:19.773+0000] {logging_mixin.py:188} INFO - [2026-02-24T12:42:19.772+0000] {dag.py:3823} INFO - Setting next_dagrun for dag_load_database to 2027-01-01 00:00:00+00:00, run_after=2028-01-01 00:00:00+00:00
[2026-02-24T12:42:19.783+0000] {processor.py:183} INFO - Processing /opt/airflow/dags/dag_load_database.py took 0.339 seconds
[2026-02-24T12:42:50.025+0000] {processor.py:161} INFO - Started process (PID=1401) to work on /opt/airflow/dags/dag_load_database.py
[2026-02-24T12:42:50.026+0000] {processor.py:830} INFO - Processing file /opt/airflow/dags/dag_load_database.py for tasks to queue
[2026-02-24T12:42:50.027+0000] {logging_mixin.py:188} INFO - [2026-02-24T12:42:50.026+0000] {dagbag.py:538} INFO - Filling up the DagBag from /opt/airflow/dags/dag_load_database.py
[2026-02-24T12:42:50.207+0000] {processor.py:840} INFO - DAG(s) 'dag_load_database' retrieved from /opt/airflow/dags/dag_load_database.py
[2026-02-24T12:42:50.232+0000] {logging_mixin.py:188} INFO - [2026-02-24T12:42:50.232+0000] {dag.py:3036} INFO - Sync 1 DAGs
[2026-02-24T12:42:50.249+0000] {logging_mixin.py:188} INFO - [2026-02-24T12:42:50.249+0000] {dag.py:3823} INFO - Setting next_dagrun for dag_load_database to 2027-01-01 00:00:00+00:00, run_after=2028-01-01 00:00:00+00:00
[2026-02-24T12:42:50.263+0000] {processor.py:183} INFO - Processing /opt/airflow/dags/dag_load_database.py took 0.240 seconds
[2026-02-24T12:43:20.433+0000] {processor.py:161} INFO - Started process (PID=1431) to work on /opt/airflow/dags/dag_load_database.py
[2026-02-24T12:43:20.434+0000] {processor.py:830} INFO - Processing file /opt/airflow/dags/dag_load_database.py for tasks to queue
[2026-02-24T12:43:20.435+0000] {logging_mixin.py:188} INFO - [2026-02-24T12:43:20.435+0000] {dagbag.py:538} INFO - Filling up the DagBag from /opt/airflow/dags/dag_load_database.py
[2026-02-24T12:43:20.625+0000] {processor.py:840} INFO - DAG(s) 'dag_load_database' retrieved from /opt/airflow/dags/dag_load_database.py
[2026-02-24T12:43:20.646+0000] {logging_mixin.py:188} INFO - [2026-02-24T12:43:20.646+0000] {dag.py:3036} INFO - Sync 1 DAGs
[2026-02-24T12:43:20.662+0000] {logging_mixin.py:188} INFO - [2026-02-24T12:43:20.662+0000] {dag.py:3823} INFO - Setting next_dagrun for dag_load_database to 2027-01-01 00:00:00+00:00, run_after=2028-01-01 00:00:00+00:00
[2026-02-24T12:43:20.678+0000] {processor.py:183} INFO - Processing /opt/airflow/dags/dag_load_database.py took 0.247 seconds
[2026-02-24T12:43:50.885+0000] {processor.py:161} INFO - Started process (PID=1453) to work on /opt/airflow/dags/dag_load_database.py
[2026-02-24T12:43:50.886+0000] {processor.py:830} INFO - Processing file /opt/airflow/dags/dag_load_database.py for tasks to queue
[2026-02-24T12:43:50.887+0000] {logging_mixin.py:188} INFO - [2026-02-24T12:43:50.887+0000] {dagbag.py:538} INFO - Filling up the DagBag from /opt/airflow/dags/dag_load_database.py
[2026-02-24T12:43:51.071+0000] {processor.py:840} INFO - DAG(s) 'dag_load_database' retrieved from /opt/airflow/dags/dag_load_database.py
[2026-02-24T12:43:51.093+0000] {logging_mixin.py:188} INFO - [2026-02-24T12:43:51.093+0000] {dag.py:3036} INFO - Sync 1 DAGs
[2026-02-24T12:43:51.109+0000] {logging_mixin.py:188} INFO - [2026-02-24T12:43:51.109+0000] {dag.py:3823} INFO - Setting next_dagrun for dag_load_database to 2027-01-01 00:00:00+00:00, run_after=2028-01-01 00:00:00+00:00
[2026-02-24T12:43:51.121+0000] {processor.py:183} INFO - Processing /opt/airflow/dags/dag_load_database.py took 0.238 seconds
[2026-02-24T12:44:17.061+0000] {processor.py:161} INFO - Started process (PID=1483) to work on /opt/airflow/dags/dag_load_database.py
[2026-02-24T12:44:17.062+0000] {processor.py:830} INFO - Processing file /opt/airflow/dags/dag_load_database.py for tasks to queue
[2026-02-24T12:44:17.063+0000] {logging_mixin.py:188} INFO - [2026-02-24T12:44:17.062+0000] {dagbag.py:538} INFO - Filling up the DagBag from /opt/airflow/dags/dag_load_database.py
[2026-02-24T12:44:17.287+0000] {processor.py:840} INFO - DAG(s) 'dag_load_database' retrieved from /opt/airflow/dags/dag_load_database.py
[2026-02-24T12:44:17.307+0000] {logging_mixin.py:188} INFO - [2026-02-24T12:44:17.307+0000] {dag.py:3036} INFO - Sync 1 DAGs
[2026-02-24T12:44:17.325+0000] {logging_mixin.py:188} INFO - [2026-02-24T12:44:17.324+0000] {dag.py:3823} INFO - Setting next_dagrun for dag_load_database to 2027-01-01 00:00:00+00:00, run_after=2028-01-01 00:00:00+00:00
[2026-02-24T12:44:17.435+0000] {processor.py:183} INFO - Processing /opt/airflow/dags/dag_load_database.py took 0.378 seconds
[2026-02-24T12:44:47.517+0000] {processor.py:161} INFO - Started process (PID=1505) to work on /opt/airflow/dags/dag_load_database.py
[2026-02-24T12:44:47.518+0000] {processor.py:830} INFO - Processing file /opt/airflow/dags/dag_load_database.py for tasks to queue
[2026-02-24T12:44:47.518+0000] {logging_mixin.py:188} INFO - [2026-02-24T12:44:47.518+0000] {dagbag.py:538} INFO - Filling up the DagBag from /opt/airflow/dags/dag_load_database.py
[2026-02-24T12:44:47.703+0000] {processor.py:840} INFO - DAG(s) 'dag_load_database' retrieved from /opt/airflow/dags/dag_load_database.py
[2026-02-24T12:44:47.722+0000] {logging_mixin.py:188} INFO - [2026-02-24T12:44:47.722+0000] {dag.py:3036} INFO - Sync 1 DAGs
[2026-02-24T12:44:47.836+0000] {logging_mixin.py:188} INFO - [2026-02-24T12:44:47.836+0000] {dag.py:3823} INFO - Setting next_dagrun for dag_load_database to 2027-01-01 00:00:00+00:00, run_after=2028-01-01 00:00:00+00:00
[2026-02-24T12:44:47.851+0000] {processor.py:183} INFO - Processing /opt/airflow/dags/dag_load_database.py took 0.338 seconds
[2026-02-24T12:45:17.950+0000] {processor.py:161} INFO - Started process (PID=1535) to work on /opt/airflow/dags/dag_load_database.py
[2026-02-24T12:45:17.951+0000] {processor.py:830} INFO - Processing file /opt/airflow/dags/dag_load_database.py for tasks to queue
[2026-02-24T12:45:17.951+0000] {logging_mixin.py:188} INFO - [2026-02-24T12:45:17.951+0000] {dagbag.py:538} INFO - Filling up the DagBag from /opt/airflow/dags/dag_load_database.py
[2026-02-24T12:45:18.131+0000] {processor.py:840} INFO - DAG(s) 'dag_load_database' retrieved from /opt/airflow/dags/dag_load_database.py
[2026-02-24T12:45:18.153+0000] {logging_mixin.py:188} INFO - [2026-02-24T12:45:18.153+0000] {dag.py:3036} INFO - Sync 1 DAGs
[2026-02-24T12:45:18.169+0000] {logging_mixin.py:188} INFO - [2026-02-24T12:45:18.168+0000] {dag.py:3823} INFO - Setting next_dagrun for dag_load_database to 2027-01-01 00:00:00+00:00, run_after=2028-01-01 00:00:00+00:00
[2026-02-24T12:45:18.181+0000] {processor.py:183} INFO - Processing /opt/airflow/dags/dag_load_database.py took 0.234 seconds
[2026-02-24T12:45:48.289+0000] {processor.py:161} INFO - Started process (PID=1557) to work on /opt/airflow/dags/dag_load_database.py
[2026-02-24T12:45:48.290+0000] {processor.py:830} INFO - Processing file /opt/airflow/dags/dag_load_database.py for tasks to queue
[2026-02-24T12:45:48.291+0000] {logging_mixin.py:188} INFO - [2026-02-24T12:45:48.290+0000] {dagbag.py:538} INFO - Filling up the DagBag from /opt/airflow/dags/dag_load_database.py
[2026-02-24T12:45:48.488+0000] {processor.py:840} INFO - DAG(s) 'dag_load_database' retrieved from /opt/airflow/dags/dag_load_database.py
[2026-02-24T12:45:48.509+0000] {logging_mixin.py:188} INFO - [2026-02-24T12:45:48.508+0000] {dag.py:3036} INFO - Sync 1 DAGs
[2026-02-24T12:45:48.525+0000] {logging_mixin.py:188} INFO - [2026-02-24T12:45:48.525+0000] {dag.py:3823} INFO - Setting next_dagrun for dag_load_database to 2027-01-01 00:00:00+00:00, run_after=2028-01-01 00:00:00+00:00
[2026-02-24T12:45:48.539+0000] {processor.py:183} INFO - Processing /opt/airflow/dags/dag_load_database.py took 0.254 seconds
[2026-02-24T12:45:56.409+0000] {processor.py:161} INFO - Started process (PID=1571) to work on /opt/airflow/dags/dag_load_database.py
[2026-02-24T12:45:56.410+0000] {processor.py:830} INFO - Processing file /opt/airflow/dags/dag_load_database.py for tasks to queue
[2026-02-24T12:45:56.411+0000] {logging_mixin.py:188} INFO - [2026-02-24T12:45:56.411+0000] {dagbag.py:538} INFO - Filling up the DagBag from /opt/airflow/dags/dag_load_database.py
[2026-02-24T12:45:56.618+0000] {processor.py:840} INFO - DAG(s) 'dag_load_database' retrieved from /opt/airflow/dags/dag_load_database.py
[2026-02-24T12:45:56.639+0000] {logging_mixin.py:188} INFO - [2026-02-24T12:45:56.639+0000] {dag.py:3036} INFO - Sync 1 DAGs
[2026-02-24T12:45:56.656+0000] {logging_mixin.py:188} INFO - [2026-02-24T12:45:56.656+0000] {dag.py:3823} INFO - Setting next_dagrun for dag_load_database to 2027-01-01 00:00:00+00:00, run_after=2028-01-01 00:00:00+00:00
[2026-02-24T12:45:56.673+0000] {processor.py:183} INFO - Processing /opt/airflow/dags/dag_load_database.py took 0.267 seconds
[2026-02-24T12:46:26.792+0000] {processor.py:161} INFO - Started process (PID=1601) to work on /opt/airflow/dags/dag_load_database.py
[2026-02-24T12:46:26.793+0000] {processor.py:830} INFO - Processing file /opt/airflow/dags/dag_load_database.py for tasks to queue
[2026-02-24T12:46:26.794+0000] {logging_mixin.py:188} INFO - [2026-02-24T12:46:26.793+0000] {dagbag.py:538} INFO - Filling up the DagBag from /opt/airflow/dags/dag_load_database.py
[2026-02-24T12:46:27.065+0000] {processor.py:840} INFO - DAG(s) 'dag_load_database' retrieved from /opt/airflow/dags/dag_load_database.py
[2026-02-24T12:46:27.085+0000] {logging_mixin.py:188} INFO - [2026-02-24T12:46:27.085+0000] {dag.py:3036} INFO - Sync 1 DAGs
[2026-02-24T12:46:27.101+0000] {logging_mixin.py:188} INFO - [2026-02-24T12:46:27.101+0000] {dag.py:3823} INFO - Setting next_dagrun for dag_load_database to 2027-01-01 00:00:00+00:00, run_after=2028-01-01 00:00:00+00:00
[2026-02-24T12:46:27.113+0000] {processor.py:183} INFO - Processing /opt/airflow/dags/dag_load_database.py took 0.324 seconds
[2026-02-24T12:46:57.283+0000] {processor.py:161} INFO - Started process (PID=1623) to work on /opt/airflow/dags/dag_load_database.py
[2026-02-24T12:46:57.284+0000] {processor.py:830} INFO - Processing file /opt/airflow/dags/dag_load_database.py for tasks to queue
[2026-02-24T12:46:57.285+0000] {logging_mixin.py:188} INFO - [2026-02-24T12:46:57.285+0000] {dagbag.py:538} INFO - Filling up the DagBag from /opt/airflow/dags/dag_load_database.py
[2026-02-24T12:46:57.493+0000] {processor.py:840} INFO - DAG(s) 'dag_load_database' retrieved from /opt/airflow/dags/dag_load_database.py
[2026-02-24T12:46:57.522+0000] {logging_mixin.py:188} INFO - [2026-02-24T12:46:57.522+0000] {dag.py:3036} INFO - Sync 1 DAGs
[2026-02-24T12:46:57.543+0000] {logging_mixin.py:188} INFO - [2026-02-24T12:46:57.543+0000] {dag.py:3823} INFO - Setting next_dagrun for dag_load_database to 2027-01-01 00:00:00+00:00, run_after=2028-01-01 00:00:00+00:00
[2026-02-24T12:46:57.674+0000] {processor.py:183} INFO - Processing /opt/airflow/dags/dag_load_database.py took 0.394 seconds
[2026-02-24T12:47:27.874+0000] {processor.py:161} INFO - Started process (PID=1653) to work on /opt/airflow/dags/dag_load_database.py
[2026-02-24T12:47:27.875+0000] {processor.py:830} INFO - Processing file /opt/airflow/dags/dag_load_database.py for tasks to queue
[2026-02-24T12:47:27.876+0000] {logging_mixin.py:188} INFO - [2026-02-24T12:47:27.875+0000] {dagbag.py:538} INFO - Filling up the DagBag from /opt/airflow/dags/dag_load_database.py
[2026-02-24T12:47:28.058+0000] {processor.py:840} INFO - DAG(s) 'dag_load_database' retrieved from /opt/airflow/dags/dag_load_database.py
[2026-02-24T12:47:28.078+0000] {logging_mixin.py:188} INFO - [2026-02-24T12:47:28.078+0000] {dag.py:3036} INFO - Sync 1 DAGs
[2026-02-24T12:47:28.183+0000] {logging_mixin.py:188} INFO - [2026-02-24T12:47:28.183+0000] {dag.py:3823} INFO - Setting next_dagrun for dag_load_database to 2027-01-01 00:00:00+00:00, run_after=2028-01-01 00:00:00+00:00
[2026-02-24T12:47:28.196+0000] {processor.py:183} INFO - Processing /opt/airflow/dags/dag_load_database.py took 0.324 seconds
[2026-02-24T12:47:58.397+0000] {processor.py:161} INFO - Started process (PID=1684) to work on /opt/airflow/dags/dag_load_database.py
[2026-02-24T12:47:58.398+0000] {processor.py:830} INFO - Processing file /opt/airflow/dags/dag_load_database.py for tasks to queue
[2026-02-24T12:47:58.399+0000] {logging_mixin.py:188} INFO - [2026-02-24T12:47:58.399+0000] {dagbag.py:538} INFO - Filling up the DagBag from /opt/airflow/dags/dag_load_database.py
[2026-02-24T12:47:58.567+0000] {processor.py:840} INFO - DAG(s) 'dag_load_database' retrieved from /opt/airflow/dags/dag_load_database.py
[2026-02-24T12:47:58.588+0000] {logging_mixin.py:188} INFO - [2026-02-24T12:47:58.588+0000] {dag.py:3036} INFO - Sync 1 DAGs
[2026-02-24T12:47:58.704+0000] {logging_mixin.py:188} INFO - [2026-02-24T12:47:58.704+0000] {dag.py:3823} INFO - Setting next_dagrun for dag_load_database to 2027-01-01 00:00:00+00:00, run_after=2028-01-01 00:00:00+00:00
[2026-02-24T12:47:58.716+0000] {processor.py:183} INFO - Processing /opt/airflow/dags/dag_load_database.py took 0.322 seconds
[2026-02-24T12:48:28.900+0000] {processor.py:161} INFO - Started process (PID=1709) to work on /opt/airflow/dags/dag_load_database.py
[2026-02-24T12:48:28.901+0000] {processor.py:830} INFO - Processing file /opt/airflow/dags/dag_load_database.py for tasks to queue
[2026-02-24T12:48:28.902+0000] {logging_mixin.py:188} INFO - [2026-02-24T12:48:28.901+0000] {dagbag.py:538} INFO - Filling up the DagBag from /opt/airflow/dags/dag_load_database.py
[2026-02-24T12:48:29.084+0000] {processor.py:840} INFO - DAG(s) 'dag_load_database' retrieved from /opt/airflow/dags/dag_load_database.py
[2026-02-24T12:48:29.107+0000] {logging_mixin.py:188} INFO - [2026-02-24T12:48:29.106+0000] {dag.py:3036} INFO - Sync 1 DAGs
[2026-02-24T12:48:29.126+0000] {logging_mixin.py:188} INFO - [2026-02-24T12:48:29.126+0000] {dag.py:3823} INFO - Setting next_dagrun for dag_load_database to 2027-01-01 00:00:00+00:00, run_after=2028-01-01 00:00:00+00:00
[2026-02-24T12:48:29.141+0000] {processor.py:183} INFO - Processing /opt/airflow/dags/dag_load_database.py took 0.245 seconds
[2026-02-24T12:48:59.269+0000] {processor.py:161} INFO - Started process (PID=1739) to work on /opt/airflow/dags/dag_load_database.py
[2026-02-24T12:48:59.270+0000] {processor.py:830} INFO - Processing file /opt/airflow/dags/dag_load_database.py for tasks to queue
[2026-02-24T12:48:59.272+0000] {logging_mixin.py:188} INFO - [2026-02-24T12:48:59.271+0000] {dagbag.py:538} INFO - Filling up the DagBag from /opt/airflow/dags/dag_load_database.py
[2026-02-24T12:48:59.463+0000] {processor.py:840} INFO - DAG(s) 'dag_load_database' retrieved from /opt/airflow/dags/dag_load_database.py
[2026-02-24T12:48:59.484+0000] {logging_mixin.py:188} INFO - [2026-02-24T12:48:59.484+0000] {dag.py:3036} INFO - Sync 1 DAGs
[2026-02-24T12:48:59.503+0000] {logging_mixin.py:188} INFO - [2026-02-24T12:48:59.502+0000] {dag.py:3823} INFO - Setting next_dagrun for dag_load_database to 2027-01-01 00:00:00+00:00, run_after=2028-01-01 00:00:00+00:00
[2026-02-24T12:48:59.516+0000] {processor.py:183} INFO - Processing /opt/airflow/dags/dag_load_database.py took 0.250 seconds
[2026-02-24T12:49:29.699+0000] {processor.py:161} INFO - Started process (PID=1778) to work on /opt/airflow/dags/dag_load_database.py
[2026-02-24T12:49:29.700+0000] {processor.py:830} INFO - Processing file /opt/airflow/dags/dag_load_database.py for tasks to queue
[2026-02-24T12:49:29.700+0000] {logging_mixin.py:188} INFO - [2026-02-24T12:49:29.700+0000] {dagbag.py:538} INFO - Filling up the DagBag from /opt/airflow/dags/dag_load_database.py
[2026-02-24T12:49:29.899+0000] {processor.py:840} INFO - DAG(s) 'dag_load_database' retrieved from /opt/airflow/dags/dag_load_database.py
[2026-02-24T12:49:29.922+0000] {logging_mixin.py:188} INFO - [2026-02-24T12:49:29.922+0000] {dag.py:3036} INFO - Sync 1 DAGs
[2026-02-24T12:49:29.940+0000] {logging_mixin.py:188} INFO - [2026-02-24T12:49:29.940+0000] {dag.py:3823} INFO - Setting next_dagrun for dag_load_database to 2027-01-01 00:00:00+00:00, run_after=2028-01-01 00:00:00+00:00
[2026-02-24T12:49:29.955+0000] {processor.py:183} INFO - Processing /opt/airflow/dags/dag_load_database.py took 0.259 seconds
[2026-02-24T12:50:00.136+0000] {processor.py:161} INFO - Started process (PID=1803) to work on /opt/airflow/dags/dag_load_database.py
[2026-02-24T12:50:00.137+0000] {processor.py:830} INFO - Processing file /opt/airflow/dags/dag_load_database.py for tasks to queue
[2026-02-24T12:50:00.137+0000] {logging_mixin.py:188} INFO - [2026-02-24T12:50:00.137+0000] {dagbag.py:538} INFO - Filling up the DagBag from /opt/airflow/dags/dag_load_database.py
[2026-02-24T12:50:00.322+0000] {processor.py:840} INFO - DAG(s) 'dag_load_database' retrieved from /opt/airflow/dags/dag_load_database.py
[2026-02-24T12:50:00.344+0000] {logging_mixin.py:188} INFO - [2026-02-24T12:50:00.343+0000] {dag.py:3036} INFO - Sync 1 DAGs
[2026-02-24T12:50:00.449+0000] {logging_mixin.py:188} INFO - [2026-02-24T12:50:00.449+0000] {dag.py:3823} INFO - Setting next_dagrun for dag_load_database to 2027-01-01 00:00:00+00:00, run_after=2028-01-01 00:00:00+00:00
[2026-02-24T12:50:00.459+0000] {processor.py:183} INFO - Processing /opt/airflow/dags/dag_load_database.py took 0.326 seconds
[2026-02-24T12:50:30.685+0000] {processor.py:161} INFO - Started process (PID=1833) to work on /opt/airflow/dags/dag_load_database.py
[2026-02-24T12:50:30.686+0000] {processor.py:830} INFO - Processing file /opt/airflow/dags/dag_load_database.py for tasks to queue
[2026-02-24T12:50:30.687+0000] {logging_mixin.py:188} INFO - [2026-02-24T12:50:30.687+0000] {dagbag.py:538} INFO - Filling up the DagBag from /opt/airflow/dags/dag_load_database.py
[2026-02-24T12:50:30.865+0000] {processor.py:840} INFO - DAG(s) 'dag_load_database' retrieved from /opt/airflow/dags/dag_load_database.py
[2026-02-24T12:50:30.886+0000] {logging_mixin.py:188} INFO - [2026-02-24T12:50:30.886+0000] {dag.py:3036} INFO - Sync 1 DAGs
[2026-02-24T12:50:30.984+0000] {logging_mixin.py:188} INFO - [2026-02-24T12:50:30.984+0000] {dag.py:3823} INFO - Setting next_dagrun for dag_load_database to 2027-01-01 00:00:00+00:00, run_after=2028-01-01 00:00:00+00:00
[2026-02-24T12:50:30.995+0000] {processor.py:183} INFO - Processing /opt/airflow/dags/dag_load_database.py took 0.313 seconds
[2026-02-24T12:51:01.215+0000] {processor.py:161} INFO - Started process (PID=1863) to work on /opt/airflow/dags/dag_load_database.py
[2026-02-24T12:51:01.215+0000] {processor.py:830} INFO - Processing file /opt/airflow/dags/dag_load_database.py for tasks to queue
[2026-02-24T12:51:01.216+0000] {logging_mixin.py:188} INFO - [2026-02-24T12:51:01.216+0000] {dagbag.py:538} INFO - Filling up the DagBag from /opt/airflow/dags/dag_load_database.py
[2026-02-24T12:51:01.386+0000] {processor.py:840} INFO - DAG(s) 'dag_load_database' retrieved from /opt/airflow/dags/dag_load_database.py
[2026-02-24T12:51:01.406+0000] {logging_mixin.py:188} INFO - [2026-02-24T12:51:01.406+0000] {dag.py:3036} INFO - Sync 1 DAGs
[2026-02-24T12:51:01.421+0000] {logging_mixin.py:188} INFO - [2026-02-24T12:51:01.421+0000] {dag.py:3823} INFO - Setting next_dagrun for dag_load_database to 2027-01-01 00:00:00+00:00, run_after=2028-01-01 00:00:00+00:00
[2026-02-24T12:51:01.441+0000] {processor.py:183} INFO - Processing /opt/airflow/dags/dag_load_database.py took 0.229 seconds
[2026-02-24T12:51:31.686+0000] {processor.py:161} INFO - Started process (PID=1885) to work on /opt/airflow/dags/dag_load_database.py
[2026-02-24T12:51:31.687+0000] {processor.py:830} INFO - Processing file /opt/airflow/dags/dag_load_database.py for tasks to queue
[2026-02-24T12:51:31.687+0000] {logging_mixin.py:188} INFO - [2026-02-24T12:51:31.687+0000] {dagbag.py:538} INFO - Filling up the DagBag from /opt/airflow/dags/dag_load_database.py
[2026-02-24T12:51:31.867+0000] {processor.py:840} INFO - DAG(s) 'dag_load_database' retrieved from /opt/airflow/dags/dag_load_database.py
[2026-02-24T12:51:31.889+0000] {logging_mixin.py:188} INFO - [2026-02-24T12:51:31.889+0000] {dag.py:3036} INFO - Sync 1 DAGs
[2026-02-24T12:51:31.904+0000] {logging_mixin.py:188} INFO - [2026-02-24T12:51:31.903+0000] {dag.py:3823} INFO - Setting next_dagrun for dag_load_database to 2027-01-01 00:00:00+00:00, run_after=2028-01-01 00:00:00+00:00
[2026-02-24T12:51:31.915+0000] {processor.py:183} INFO - Processing /opt/airflow/dags/dag_load_database.py took 0.232 seconds
[2026-02-24T12:52:02.138+0000] {processor.py:161} INFO - Started process (PID=1915) to work on /opt/airflow/dags/dag_load_database.py
[2026-02-24T12:52:02.139+0000] {processor.py:830} INFO - Processing file /opt/airflow/dags/dag_load_database.py for tasks to queue
[2026-02-24T12:52:02.139+0000] {logging_mixin.py:188} INFO - [2026-02-24T12:52:02.139+0000] {dagbag.py:538} INFO - Filling up the DagBag from /opt/airflow/dags/dag_load_database.py
[2026-02-24T12:52:02.315+0000] {processor.py:840} INFO - DAG(s) 'dag_load_database' retrieved from /opt/airflow/dags/dag_load_database.py
[2026-02-24T12:52:02.335+0000] {logging_mixin.py:188} INFO - [2026-02-24T12:52:02.334+0000] {dag.py:3036} INFO - Sync 1 DAGs
[2026-02-24T12:52:02.350+0000] {logging_mixin.py:188} INFO - [2026-02-24T12:52:02.349+0000] {dag.py:3823} INFO - Setting next_dagrun for dag_load_database to 2027-01-01 00:00:00+00:00, run_after=2028-01-01 00:00:00+00:00
[2026-02-24T12:52:02.361+0000] {processor.py:183} INFO - Processing /opt/airflow/dags/dag_load_database.py took 0.226 seconds
[2026-02-24T12:52:32.557+0000] {processor.py:161} INFO - Started process (PID=1945) to work on /opt/airflow/dags/dag_load_database.py
[2026-02-24T12:52:32.558+0000] {processor.py:830} INFO - Processing file /opt/airflow/dags/dag_load_database.py for tasks to queue
[2026-02-24T12:52:32.559+0000] {logging_mixin.py:188} INFO - [2026-02-24T12:52:32.559+0000] {dagbag.py:538} INFO - Filling up the DagBag from /opt/airflow/dags/dag_load_database.py
[2026-02-24T12:52:32.755+0000] {processor.py:840} INFO - DAG(s) 'dag_load_database' retrieved from /opt/airflow/dags/dag_load_database.py
[2026-02-24T12:52:32.778+0000] {logging_mixin.py:188} INFO - [2026-02-24T12:52:32.777+0000] {dag.py:3036} INFO - Sync 1 DAGs
[2026-02-24T12:52:32.798+0000] {logging_mixin.py:188} INFO - [2026-02-24T12:52:32.797+0000] {dag.py:3823} INFO - Setting next_dagrun for dag_load_database to 2027-01-01 00:00:00+00:00, run_after=2028-01-01 00:00:00+00:00
[2026-02-24T12:52:32.908+0000] {processor.py:183} INFO - Processing /opt/airflow/dags/dag_load_database.py took 0.353 seconds
[2026-02-24T12:53:03.156+0000] {processor.py:161} INFO - Started process (PID=1967) to work on /opt/airflow/dags/dag_load_database.py
[2026-02-24T12:53:03.157+0000] {processor.py:830} INFO - Processing file /opt/airflow/dags/dag_load_database.py for tasks to queue
[2026-02-24T12:53:03.158+0000] {logging_mixin.py:188} INFO - [2026-02-24T12:53:03.158+0000] {dagbag.py:538} INFO - Filling up the DagBag from /opt/airflow/dags/dag_load_database.py
[2026-02-24T12:53:03.343+0000] {processor.py:840} INFO - DAG(s) 'dag_load_database' retrieved from /opt/airflow/dags/dag_load_database.py
[2026-02-24T12:53:03.363+0000] {logging_mixin.py:188} INFO - [2026-02-24T12:53:03.362+0000] {dag.py:3036} INFO - Sync 1 DAGs
[2026-02-24T12:53:03.465+0000] {logging_mixin.py:188} INFO - [2026-02-24T12:53:03.465+0000] {dag.py:3823} INFO - Setting next_dagrun for dag_load_database to 2027-01-01 00:00:00+00:00, run_after=2028-01-01 00:00:00+00:00
[2026-02-24T12:53:03.477+0000] {processor.py:183} INFO - Processing /opt/airflow/dags/dag_load_database.py took 0.323 seconds
[2026-02-24T12:53:33.676+0000] {processor.py:161} INFO - Started process (PID=1997) to work on /opt/airflow/dags/dag_load_database.py
[2026-02-24T12:53:33.677+0000] {processor.py:830} INFO - Processing file /opt/airflow/dags/dag_load_database.py for tasks to queue
[2026-02-24T12:53:33.678+0000] {logging_mixin.py:188} INFO - [2026-02-24T12:53:33.677+0000] {dagbag.py:538} INFO - Filling up the DagBag from /opt/airflow/dags/dag_load_database.py
[2026-02-24T12:53:33.862+0000] {processor.py:840} INFO - DAG(s) 'dag_load_database' retrieved from /opt/airflow/dags/dag_load_database.py
[2026-02-24T12:53:33.882+0000] {logging_mixin.py:188} INFO - [2026-02-24T12:53:33.882+0000] {dag.py:3036} INFO - Sync 1 DAGs
[2026-02-24T12:53:33.980+0000] {logging_mixin.py:188} INFO - [2026-02-24T12:53:33.980+0000] {dag.py:3823} INFO - Setting next_dagrun for dag_load_database to 2027-01-01 00:00:00+00:00, run_after=2028-01-01 00:00:00+00:00
[2026-02-24T12:53:33.991+0000] {processor.py:183} INFO - Processing /opt/airflow/dags/dag_load_database.py took 0.318 seconds
[2026-02-24T12:54:04.206+0000] {processor.py:161} INFO - Started process (PID=2027) to work on /opt/airflow/dags/dag_load_database.py
[2026-02-24T12:54:04.207+0000] {processor.py:830} INFO - Processing file /opt/airflow/dags/dag_load_database.py for tasks to queue
[2026-02-24T12:54:04.207+0000] {logging_mixin.py:188} INFO - [2026-02-24T12:54:04.207+0000] {dagbag.py:538} INFO - Filling up the DagBag from /opt/airflow/dags/dag_load_database.py
[2026-02-24T12:54:04.374+0000] {processor.py:840} INFO - DAG(s) 'dag_load_database' retrieved from /opt/airflow/dags/dag_load_database.py
[2026-02-24T12:54:04.393+0000] {logging_mixin.py:188} INFO - [2026-02-24T12:54:04.393+0000] {dag.py:3036} INFO - Sync 1 DAGs
[2026-02-24T12:54:04.408+0000] {logging_mixin.py:188} INFO - [2026-02-24T12:54:04.408+0000] {dag.py:3823} INFO - Setting next_dagrun for dag_load_database to 2027-01-01 00:00:00+00:00, run_after=2028-01-01 00:00:00+00:00
[2026-02-24T12:54:04.420+0000] {processor.py:183} INFO - Processing /opt/airflow/dags/dag_load_database.py took 0.217 seconds
[2026-02-24T12:54:34.582+0000] {processor.py:161} INFO - Started process (PID=2049) to work on /opt/airflow/dags/dag_load_database.py
[2026-02-24T12:54:34.583+0000] {processor.py:830} INFO - Processing file /opt/airflow/dags/dag_load_database.py for tasks to queue
[2026-02-24T12:54:34.583+0000] {logging_mixin.py:188} INFO - [2026-02-24T12:54:34.583+0000] {dagbag.py:538} INFO - Filling up the DagBag from /opt/airflow/dags/dag_load_database.py
[2026-02-24T12:54:34.777+0000] {processor.py:840} INFO - DAG(s) 'dag_load_database' retrieved from /opt/airflow/dags/dag_load_database.py
[2026-02-24T12:54:34.800+0000] {logging_mixin.py:188} INFO - [2026-02-24T12:54:34.800+0000] {dag.py:3036} INFO - Sync 1 DAGs
[2026-02-24T12:54:34.817+0000] {logging_mixin.py:188} INFO - [2026-02-24T12:54:34.817+0000] {dag.py:3823} INFO - Setting next_dagrun for dag_load_database to 2027-01-01 00:00:00+00:00, run_after=2028-01-01 00:00:00+00:00
[2026-02-24T12:54:34.830+0000] {processor.py:183} INFO - Processing /opt/airflow/dags/dag_load_database.py took 0.251 seconds
[2026-02-24T12:55:05.038+0000] {processor.py:161} INFO - Started process (PID=2079) to work on /opt/airflow/dags/dag_load_database.py
[2026-02-24T12:55:05.038+0000] {processor.py:830} INFO - Processing file /opt/airflow/dags/dag_load_database.py for tasks to queue
[2026-02-24T12:55:05.039+0000] {logging_mixin.py:188} INFO - [2026-02-24T12:55:05.039+0000] {dagbag.py:538} INFO - Filling up the DagBag from /opt/airflow/dags/dag_load_database.py
[2026-02-24T12:55:05.232+0000] {processor.py:840} INFO - DAG(s) 'dag_load_database' retrieved from /opt/airflow/dags/dag_load_database.py
[2026-02-24T12:55:05.253+0000] {logging_mixin.py:188} INFO - [2026-02-24T12:55:05.253+0000] {dag.py:3036} INFO - Sync 1 DAGs
[2026-02-24T12:55:05.268+0000] {logging_mixin.py:188} INFO - [2026-02-24T12:55:05.268+0000] {dag.py:3823} INFO - Setting next_dagrun for dag_load_database to 2027-01-01 00:00:00+00:00, run_after=2028-01-01 00:00:00+00:00
[2026-02-24T12:55:05.365+0000] {processor.py:183} INFO - Processing /opt/airflow/dags/dag_load_database.py took 0.330 seconds
[2026-02-24T12:55:35.555+0000] {processor.py:161} INFO - Started process (PID=2109) to work on /opt/airflow/dags/dag_load_database.py
[2026-02-24T12:55:35.556+0000] {processor.py:830} INFO - Processing file /opt/airflow/dags/dag_load_database.py for tasks to queue
[2026-02-24T12:55:35.557+0000] {logging_mixin.py:188} INFO - [2026-02-24T12:55:35.557+0000] {dagbag.py:538} INFO - Filling up the DagBag from /opt/airflow/dags/dag_load_database.py
[2026-02-24T12:55:35.748+0000] {processor.py:840} INFO - DAG(s) 'dag_load_database' retrieved from /opt/airflow/dags/dag_load_database.py
[2026-02-24T12:55:35.769+0000] {logging_mixin.py:188} INFO - [2026-02-24T12:55:35.768+0000] {dag.py:3036} INFO - Sync 1 DAGs
[2026-02-24T12:55:35.907+0000] {logging_mixin.py:188} INFO - [2026-02-24T12:55:35.906+0000] {dag.py:3823} INFO - Setting next_dagrun for dag_load_database to 2027-01-01 00:00:00+00:00, run_after=2028-01-01 00:00:00+00:00
[2026-02-24T12:55:35.922+0000] {processor.py:183} INFO - Processing /opt/airflow/dags/dag_load_database.py took 0.371 seconds
[2026-02-24T12:56:06.128+0000] {processor.py:161} INFO - Started process (PID=2131) to work on /opt/airflow/dags/dag_load_database.py
[2026-02-24T12:56:06.128+0000] {processor.py:830} INFO - Processing file /opt/airflow/dags/dag_load_database.py for tasks to queue
[2026-02-24T12:56:06.129+0000] {logging_mixin.py:188} INFO - [2026-02-24T12:56:06.129+0000] {dagbag.py:538} INFO - Filling up the DagBag from /opt/airflow/dags/dag_load_database.py
[2026-02-24T12:56:06.314+0000] {processor.py:840} INFO - DAG(s) 'dag_load_database' retrieved from /opt/airflow/dags/dag_load_database.py
[2026-02-24T12:56:06.335+0000] {logging_mixin.py:188} INFO - [2026-02-24T12:56:06.334+0000] {dag.py:3036} INFO - Sync 1 DAGs
[2026-02-24T12:56:06.437+0000] {logging_mixin.py:188} INFO - [2026-02-24T12:56:06.437+0000] {dag.py:3823} INFO - Setting next_dagrun for dag_load_database to 2027-01-01 00:00:00+00:00, run_after=2028-01-01 00:00:00+00:00
[2026-02-24T12:56:06.451+0000] {processor.py:183} INFO - Processing /opt/airflow/dags/dag_load_database.py took 0.325 seconds
[2026-02-24T12:56:36.639+0000] {processor.py:161} INFO - Started process (PID=2161) to work on /opt/airflow/dags/dag_load_database.py
[2026-02-24T12:56:36.640+0000] {processor.py:830} INFO - Processing file /opt/airflow/dags/dag_load_database.py for tasks to queue
[2026-02-24T12:56:36.641+0000] {logging_mixin.py:188} INFO - [2026-02-24T12:56:36.641+0000] {dagbag.py:538} INFO - Filling up the DagBag from /opt/airflow/dags/dag_load_database.py
[2026-02-24T12:56:36.839+0000] {processor.py:840} INFO - DAG(s) 'dag_load_database' retrieved from /opt/airflow/dags/dag_load_database.py
[2026-02-24T12:56:36.863+0000] {logging_mixin.py:188} INFO - [2026-02-24T12:56:36.863+0000] {dag.py:3036} INFO - Sync 1 DAGs
[2026-02-24T12:56:36.878+0000] {logging_mixin.py:188} INFO - [2026-02-24T12:56:36.878+0000] {dag.py:3823} INFO - Setting next_dagrun for dag_load_database to 2027-01-01 00:00:00+00:00, run_after=2028-01-01 00:00:00+00:00
[2026-02-24T12:56:36.891+0000] {processor.py:183} INFO - Processing /opt/airflow/dags/dag_load_database.py took 0.254 seconds
[2026-02-24T12:57:07.085+0000] {processor.py:161} INFO - Started process (PID=2190) to work on /opt/airflow/dags/dag_load_database.py
[2026-02-24T12:57:07.086+0000] {processor.py:830} INFO - Processing file /opt/airflow/dags/dag_load_database.py for tasks to queue
[2026-02-24T12:57:07.087+0000] {logging_mixin.py:188} INFO - [2026-02-24T12:57:07.087+0000] {dagbag.py:538} INFO - Filling up the DagBag from /opt/airflow/dags/dag_load_database.py
[2026-02-24T12:57:07.274+0000] {processor.py:840} INFO - DAG(s) 'dag_load_database' retrieved from /opt/airflow/dags/dag_load_database.py
[2026-02-24T12:57:07.297+0000] {logging_mixin.py:188} INFO - [2026-02-24T12:57:07.297+0000] {dag.py:3036} INFO - Sync 1 DAGs
[2026-02-24T12:57:07.313+0000] {logging_mixin.py:188} INFO - [2026-02-24T12:57:07.313+0000] {dag.py:3823} INFO - Setting next_dagrun for dag_load_database to 2027-01-01 00:00:00+00:00, run_after=2028-01-01 00:00:00+00:00
[2026-02-24T12:57:07.328+0000] {processor.py:183} INFO - Processing /opt/airflow/dags/dag_load_database.py took 0.246 seconds
[2026-02-24T12:57:37.529+0000] {processor.py:161} INFO - Started process (PID=2213) to work on /opt/airflow/dags/dag_load_database.py
[2026-02-24T12:57:37.530+0000] {processor.py:830} INFO - Processing file /opt/airflow/dags/dag_load_database.py for tasks to queue
[2026-02-24T12:57:37.532+0000] {logging_mixin.py:188} INFO - [2026-02-24T12:57:37.532+0000] {dagbag.py:538} INFO - Filling up the DagBag from /opt/airflow/dags/dag_load_database.py
[2026-02-24T12:57:37.761+0000] {processor.py:840} INFO - DAG(s) 'dag_load_database' retrieved from /opt/airflow/dags/dag_load_database.py
[2026-02-24T12:57:37.781+0000] {logging_mixin.py:188} INFO - [2026-02-24T12:57:37.781+0000] {dag.py:3036} INFO - Sync 1 DAGs
[2026-02-24T12:57:37.797+0000] {logging_mixin.py:188} INFO - [2026-02-24T12:57:37.797+0000] {dag.py:3823} INFO - Setting next_dagrun for dag_load_database to 2027-01-01 00:00:00+00:00, run_after=2028-01-01 00:00:00+00:00
[2026-02-24T12:57:37.810+0000] {processor.py:183} INFO - Processing /opt/airflow/dags/dag_load_database.py took 0.284 seconds
[2026-02-24T12:58:08.000+0000] {processor.py:161} INFO - Started process (PID=2243) to work on /opt/airflow/dags/dag_load_database.py
[2026-02-24T12:58:08.001+0000] {processor.py:830} INFO - Processing file /opt/airflow/dags/dag_load_database.py for tasks to queue
[2026-02-24T12:58:08.002+0000] {logging_mixin.py:188} INFO - [2026-02-24T12:58:08.002+0000] {dagbag.py:538} INFO - Filling up the DagBag from /opt/airflow/dags/dag_load_database.py
[2026-02-24T12:58:08.177+0000] {processor.py:840} INFO - DAG(s) 'dag_load_database' retrieved from /opt/airflow/dags/dag_load_database.py
[2026-02-24T12:58:08.196+0000] {logging_mixin.py:188} INFO - [2026-02-24T12:58:08.196+0000] {dag.py:3036} INFO - Sync 1 DAGs
[2026-02-24T12:58:08.211+0000] {logging_mixin.py:188} INFO - [2026-02-24T12:58:08.211+0000] {dag.py:3823} INFO - Setting next_dagrun for dag_load_database to 2027-01-01 00:00:00+00:00, run_after=2028-01-01 00:00:00+00:00
[2026-02-24T12:58:08.313+0000] {processor.py:183} INFO - Processing /opt/airflow/dags/dag_load_database.py took 0.316 seconds
[2026-02-24T12:58:38.529+0000] {processor.py:161} INFO - Started process (PID=2265) to work on /opt/airflow/dags/dag_load_database.py
[2026-02-24T12:58:38.530+0000] {processor.py:830} INFO - Processing file /opt/airflow/dags/dag_load_database.py for tasks to queue
[2026-02-24T12:58:38.531+0000] {logging_mixin.py:188} INFO - [2026-02-24T12:58:38.530+0000] {dagbag.py:538} INFO - Filling up the DagBag from /opt/airflow/dags/dag_load_database.py
[2026-02-24T12:58:38.709+0000] {processor.py:840} INFO - DAG(s) 'dag_load_database' retrieved from /opt/airflow/dags/dag_load_database.py
[2026-02-24T12:58:38.730+0000] {logging_mixin.py:188} INFO - [2026-02-24T12:58:38.730+0000] {dag.py:3036} INFO - Sync 1 DAGs
[2026-02-24T12:58:38.828+0000] {logging_mixin.py:188} INFO - [2026-02-24T12:58:38.828+0000] {dag.py:3823} INFO - Setting next_dagrun for dag_load_database to 2027-01-01 00:00:00+00:00, run_after=2028-01-01 00:00:00+00:00
[2026-02-24T12:58:38.841+0000] {processor.py:183} INFO - Processing /opt/airflow/dags/dag_load_database.py took 0.314 seconds
[2026-02-24T12:59:09.043+0000] {processor.py:161} INFO - Started process (PID=2295) to work on /opt/airflow/dags/dag_load_database.py
[2026-02-24T12:59:09.044+0000] {processor.py:830} INFO - Processing file /opt/airflow/dags/dag_load_database.py for tasks to queue
[2026-02-24T12:59:09.045+0000] {logging_mixin.py:188} INFO - [2026-02-24T12:59:09.045+0000] {dagbag.py:538} INFO - Filling up the DagBag from /opt/airflow/dags/dag_load_database.py
[2026-02-24T12:59:09.247+0000] {processor.py:840} INFO - DAG(s) 'dag_load_database' retrieved from /opt/airflow/dags/dag_load_database.py
[2026-02-24T12:59:09.269+0000] {logging_mixin.py:188} INFO - [2026-02-24T12:59:09.269+0000] {dag.py:3036} INFO - Sync 1 DAGs
[2026-02-24T12:59:09.371+0000] {logging_mixin.py:188} INFO - [2026-02-24T12:59:09.370+0000] {dag.py:3823} INFO - Setting next_dagrun for dag_load_database to 2027-01-01 00:00:00+00:00, run_after=2028-01-01 00:00:00+00:00
[2026-02-24T12:59:09.383+0000] {processor.py:183} INFO - Processing /opt/airflow/dags/dag_load_database.py took 0.342 seconds
[2026-02-24T12:59:39.625+0000] {processor.py:161} INFO - Started process (PID=2325) to work on /opt/airflow/dags/dag_load_database.py
[2026-02-24T12:59:39.627+0000] {processor.py:830} INFO - Processing file /opt/airflow/dags/dag_load_database.py for tasks to queue
[2026-02-24T12:59:39.627+0000] {logging_mixin.py:188} INFO - [2026-02-24T12:59:39.627+0000] {dagbag.py:538} INFO - Filling up the DagBag from /opt/airflow/dags/dag_load_database.py
[2026-02-24T12:59:39.828+0000] {processor.py:840} INFO - DAG(s) 'dag_load_database' retrieved from /opt/airflow/dags/dag_load_database.py
[2026-02-24T12:59:39.852+0000] {logging_mixin.py:188} INFO - [2026-02-24T12:59:39.852+0000] {dag.py:3036} INFO - Sync 1 DAGs
[2026-02-24T12:59:39.869+0000] {logging_mixin.py:188} INFO - [2026-02-24T12:59:39.868+0000] {dag.py:3823} INFO - Setting next_dagrun for dag_load_database to 2027-01-01 00:00:00+00:00, run_after=2028-01-01 00:00:00+00:00
[2026-02-24T12:59:39.882+0000] {processor.py:183} INFO - Processing /opt/airflow/dags/dag_load_database.py took 0.260 seconds
[2026-02-24T13:00:10.069+0000] {processor.py:161} INFO - Started process (PID=2347) to work on /opt/airflow/dags/dag_load_database.py
[2026-02-24T13:00:10.070+0000] {processor.py:830} INFO - Processing file /opt/airflow/dags/dag_load_database.py for tasks to queue
[2026-02-24T13:00:10.070+0000] {logging_mixin.py:188} INFO - [2026-02-24T13:00:10.070+0000] {dagbag.py:538} INFO - Filling up the DagBag from /opt/airflow/dags/dag_load_database.py
[2026-02-24T13:00:10.265+0000] {processor.py:840} INFO - DAG(s) 'dag_load_database' retrieved from /opt/airflow/dags/dag_load_database.py
[2026-02-24T13:00:10.287+0000] {logging_mixin.py:188} INFO - [2026-02-24T13:00:10.286+0000] {dag.py:3036} INFO - Sync 1 DAGs
[2026-02-24T13:00:10.305+0000] {logging_mixin.py:188} INFO - [2026-02-24T13:00:10.305+0000] {dag.py:3823} INFO - Setting next_dagrun for dag_load_database to 2027-01-01 00:00:00+00:00, run_after=2028-01-01 00:00:00+00:00
[2026-02-24T13:00:10.323+0000] {processor.py:183} INFO - Processing /opt/airflow/dags/dag_load_database.py took 0.256 seconds
[2026-02-24T13:00:40.539+0000] {processor.py:161} INFO - Started process (PID=2377) to work on /opt/airflow/dags/dag_load_database.py
[2026-02-24T13:00:40.540+0000] {processor.py:830} INFO - Processing file /opt/airflow/dags/dag_load_database.py for tasks to queue
[2026-02-24T13:00:40.541+0000] {logging_mixin.py:188} INFO - [2026-02-24T13:00:40.540+0000] {dagbag.py:538} INFO - Filling up the DagBag from /opt/airflow/dags/dag_load_database.py
[2026-02-24T13:00:40.731+0000] {processor.py:840} INFO - DAG(s) 'dag_load_database' retrieved from /opt/airflow/dags/dag_load_database.py
[2026-02-24T13:00:40.754+0000] {logging_mixin.py:188} INFO - [2026-02-24T13:00:40.754+0000] {dag.py:3036} INFO - Sync 1 DAGs
[2026-02-24T13:00:40.773+0000] {logging_mixin.py:188} INFO - [2026-02-24T13:00:40.773+0000] {dag.py:3823} INFO - Setting next_dagrun for dag_load_database to 2027-01-01 00:00:00+00:00, run_after=2028-01-01 00:00:00+00:00
[2026-02-24T13:00:40.882+0000] {processor.py:183} INFO - Processing /opt/airflow/dags/dag_load_database.py took 0.346 seconds
[2026-02-24T13:01:11.063+0000] {processor.py:161} INFO - Started process (PID=2407) to work on /opt/airflow/dags/dag_load_database.py
[2026-02-24T13:01:11.064+0000] {processor.py:830} INFO - Processing file /opt/airflow/dags/dag_load_database.py for tasks to queue
[2026-02-24T13:01:11.064+0000] {logging_mixin.py:188} INFO - [2026-02-24T13:01:11.064+0000] {dagbag.py:538} INFO - Filling up the DagBag from /opt/airflow/dags/dag_load_database.py
[2026-02-24T13:01:11.229+0000] {processor.py:840} INFO - DAG(s) 'dag_load_database' retrieved from /opt/airflow/dags/dag_load_database.py
[2026-02-24T13:01:11.250+0000] {logging_mixin.py:188} INFO - [2026-02-24T13:01:11.249+0000] {dag.py:3036} INFO - Sync 1 DAGs
[2026-02-24T13:01:11.350+0000] {logging_mixin.py:188} INFO - [2026-02-24T13:01:11.350+0000] {dag.py:3823} INFO - Setting next_dagrun for dag_load_database to 2027-01-01 00:00:00+00:00, run_after=2028-01-01 00:00:00+00:00
[2026-02-24T13:01:11.362+0000] {processor.py:183} INFO - Processing /opt/airflow/dags/dag_load_database.py took 0.302 seconds
[2026-02-24T13:01:41.563+0000] {processor.py:161} INFO - Started process (PID=2429) to work on /opt/airflow/dags/dag_load_database.py
[2026-02-24T13:01:41.564+0000] {processor.py:830} INFO - Processing file /opt/airflow/dags/dag_load_database.py for tasks to queue
[2026-02-24T13:01:41.565+0000] {logging_mixin.py:188} INFO - [2026-02-24T13:01:41.565+0000] {dagbag.py:538} INFO - Filling up the DagBag from /opt/airflow/dags/dag_load_database.py
[2026-02-24T13:01:41.742+0000] {processor.py:840} INFO - DAG(s) 'dag_load_database' retrieved from /opt/airflow/dags/dag_load_database.py
[2026-02-24T13:01:41.763+0000] {logging_mixin.py:188} INFO - [2026-02-24T13:01:41.763+0000] {dag.py:3036} INFO - Sync 1 DAGs
[2026-02-24T13:01:41.858+0000] {logging_mixin.py:188} INFO - [2026-02-24T13:01:41.858+0000] {dag.py:3823} INFO - Setting next_dagrun for dag_load_database to 2027-01-01 00:00:00+00:00, run_after=2028-01-01 00:00:00+00:00
[2026-02-24T13:01:41.871+0000] {processor.py:183} INFO - Processing /opt/airflow/dags/dag_load_database.py took 0.310 seconds
[2026-02-24T13:02:12.064+0000] {processor.py:161} INFO - Started process (PID=2459) to work on /opt/airflow/dags/dag_load_database.py
[2026-02-24T13:02:12.065+0000] {processor.py:830} INFO - Processing file /opt/airflow/dags/dag_load_database.py for tasks to queue
[2026-02-24T13:02:12.066+0000] {logging_mixin.py:188} INFO - [2026-02-24T13:02:12.065+0000] {dagbag.py:538} INFO - Filling up the DagBag from /opt/airflow/dags/dag_load_database.py
[2026-02-24T13:02:12.253+0000] {processor.py:840} INFO - DAG(s) 'dag_load_database' retrieved from /opt/airflow/dags/dag_load_database.py
[2026-02-24T13:02:12.281+0000] {logging_mixin.py:188} INFO - [2026-02-24T13:02:12.281+0000] {dag.py:3036} INFO - Sync 1 DAGs
[2026-02-24T13:02:12.382+0000] {logging_mixin.py:188} INFO - [2026-02-24T13:02:12.382+0000] {dag.py:3823} INFO - Setting next_dagrun for dag_load_database to 2027-01-01 00:00:00+00:00, run_after=2028-01-01 00:00:00+00:00
[2026-02-24T13:02:12.394+0000] {processor.py:183} INFO - Processing /opt/airflow/dags/dag_load_database.py took 0.332 seconds
[2026-02-24T13:02:42.590+0000] {processor.py:161} INFO - Started process (PID=2489) to work on /opt/airflow/dags/dag_load_database.py
[2026-02-24T13:02:42.591+0000] {processor.py:830} INFO - Processing file /opt/airflow/dags/dag_load_database.py for tasks to queue
[2026-02-24T13:02:42.592+0000] {logging_mixin.py:188} INFO - [2026-02-24T13:02:42.591+0000] {dagbag.py:538} INFO - Filling up the DagBag from /opt/airflow/dags/dag_load_database.py
[2026-02-24T13:02:42.767+0000] {processor.py:840} INFO - DAG(s) 'dag_load_database' retrieved from /opt/airflow/dags/dag_load_database.py
[2026-02-24T13:02:42.789+0000] {logging_mixin.py:188} INFO - [2026-02-24T13:02:42.789+0000] {dag.py:3036} INFO - Sync 1 DAGs
[2026-02-24T13:02:42.806+0000] {logging_mixin.py:188} INFO - [2026-02-24T13:02:42.805+0000] {dag.py:3823} INFO - Setting next_dagrun for dag_load_database to 2027-01-01 00:00:00+00:00, run_after=2028-01-01 00:00:00+00:00
[2026-02-24T13:02:42.819+0000] {processor.py:183} INFO - Processing /opt/airflow/dags/dag_load_database.py took 0.232 seconds
[2026-02-24T13:03:13.026+0000] {processor.py:161} INFO - Started process (PID=2511) to work on /opt/airflow/dags/dag_load_database.py
[2026-02-24T13:03:13.027+0000] {processor.py:830} INFO - Processing file /opt/airflow/dags/dag_load_database.py for tasks to queue
[2026-02-24T13:03:13.027+0000] {logging_mixin.py:188} INFO - [2026-02-24T13:03:13.027+0000] {dagbag.py:538} INFO - Filling up the DagBag from /opt/airflow/dags/dag_load_database.py
[2026-02-24T13:03:13.223+0000] {processor.py:840} INFO - DAG(s) 'dag_load_database' retrieved from /opt/airflow/dags/dag_load_database.py
[2026-02-24T13:03:13.248+0000] {logging_mixin.py:188} INFO - [2026-02-24T13:03:13.248+0000] {dag.py:3036} INFO - Sync 1 DAGs
[2026-02-24T13:03:13.269+0000] {logging_mixin.py:188} INFO - [2026-02-24T13:03:13.269+0000] {dag.py:3823} INFO - Setting next_dagrun for dag_load_database to 2027-01-01 00:00:00+00:00, run_after=2028-01-01 00:00:00+00:00
[2026-02-24T13:03:13.290+0000] {processor.py:183} INFO - Processing /opt/airflow/dags/dag_load_database.py took 0.267 seconds
[2026-02-24T13:03:43.438+0000] {processor.py:161} INFO - Started process (PID=2541) to work on /opt/airflow/dags/dag_load_database.py
[2026-02-24T13:03:43.439+0000] {processor.py:830} INFO - Processing file /opt/airflow/dags/dag_load_database.py for tasks to queue
[2026-02-24T13:03:43.440+0000] {logging_mixin.py:188} INFO - [2026-02-24T13:03:43.440+0000] {dagbag.py:538} INFO - Filling up the DagBag from /opt/airflow/dags/dag_load_database.py
[2026-02-24T13:03:43.619+0000] {processor.py:840} INFO - DAG(s) 'dag_load_database' retrieved from /opt/airflow/dags/dag_load_database.py
[2026-02-24T13:03:43.641+0000] {logging_mixin.py:188} INFO - [2026-02-24T13:03:43.640+0000] {dag.py:3036} INFO - Sync 1 DAGs
[2026-02-24T13:03:43.657+0000] {logging_mixin.py:188} INFO - [2026-02-24T13:03:43.657+0000] {dag.py:3823} INFO - Setting next_dagrun for dag_load_database to 2027-01-01 00:00:00+00:00, run_after=2028-01-01 00:00:00+00:00
[2026-02-24T13:03:43.755+0000] {processor.py:183} INFO - Processing /opt/airflow/dags/dag_load_database.py took 0.319 seconds
[2026-02-24T13:04:13.940+0000] {processor.py:161} INFO - Started process (PID=2571) to work on /opt/airflow/dags/dag_load_database.py
[2026-02-24T13:04:13.941+0000] {processor.py:830} INFO - Processing file /opt/airflow/dags/dag_load_database.py for tasks to queue
[2026-02-24T13:04:13.942+0000] {logging_mixin.py:188} INFO - [2026-02-24T13:04:13.942+0000] {dagbag.py:538} INFO - Filling up the DagBag from /opt/airflow/dags/dag_load_database.py
[2026-02-24T13:04:14.150+0000] {processor.py:840} INFO - DAG(s) 'dag_load_database' retrieved from /opt/airflow/dags/dag_load_database.py
[2026-02-24T13:04:14.175+0000] {logging_mixin.py:188} INFO - [2026-02-24T13:04:14.175+0000] {dag.py:3036} INFO - Sync 1 DAGs
[2026-02-24T13:04:14.296+0000] {logging_mixin.py:188} INFO - [2026-02-24T13:04:14.296+0000] {dag.py:3823} INFO - Setting next_dagrun for dag_load_database to 2027-01-01 00:00:00+00:00, run_after=2028-01-01 00:00:00+00:00
[2026-02-24T13:04:14.311+0000] {processor.py:183} INFO - Processing /opt/airflow/dags/dag_load_database.py took 0.375 seconds
[2026-02-24T13:04:44.515+0000] {processor.py:161} INFO - Started process (PID=2593) to work on /opt/airflow/dags/dag_load_database.py
[2026-02-24T13:04:44.516+0000] {processor.py:830} INFO - Processing file /opt/airflow/dags/dag_load_database.py for tasks to queue
[2026-02-24T13:04:44.517+0000] {logging_mixin.py:188} INFO - [2026-02-24T13:04:44.517+0000] {dagbag.py:538} INFO - Filling up the DagBag from /opt/airflow/dags/dag_load_database.py
[2026-02-24T13:04:44.696+0000] {processor.py:840} INFO - DAG(s) 'dag_load_database' retrieved from /opt/airflow/dags/dag_load_database.py
[2026-02-24T13:04:44.716+0000] {logging_mixin.py:188} INFO - [2026-02-24T13:04:44.716+0000] {dag.py:3036} INFO - Sync 1 DAGs
[2026-02-24T13:04:44.813+0000] {logging_mixin.py:188} INFO - [2026-02-24T13:04:44.813+0000] {dag.py:3823} INFO - Setting next_dagrun for dag_load_database to 2027-01-01 00:00:00+00:00, run_after=2028-01-01 00:00:00+00:00
[2026-02-24T13:04:44.825+0000] {processor.py:183} INFO - Processing /opt/airflow/dags/dag_load_database.py took 0.312 seconds
[2026-02-24T13:05:15.036+0000] {processor.py:161} INFO - Started process (PID=2623) to work on /opt/airflow/dags/dag_load_database.py
[2026-02-24T13:05:15.037+0000] {processor.py:830} INFO - Processing file /opt/airflow/dags/dag_load_database.py for tasks to queue
[2026-02-24T13:05:15.037+0000] {logging_mixin.py:188} INFO - [2026-02-24T13:05:15.037+0000] {dagbag.py:538} INFO - Filling up the DagBag from /opt/airflow/dags/dag_load_database.py
[2026-02-24T13:05:15.244+0000] {processor.py:840} INFO - DAG(s) 'dag_load_database' retrieved from /opt/airflow/dags/dag_load_database.py
[2026-02-24T13:05:15.266+0000] {logging_mixin.py:188} INFO - [2026-02-24T13:05:15.265+0000] {dag.py:3036} INFO - Sync 1 DAGs
[2026-02-24T13:05:15.281+0000] {logging_mixin.py:188} INFO - [2026-02-24T13:05:15.280+0000] {dag.py:3823} INFO - Setting next_dagrun for dag_load_database to 2027-01-01 00:00:00+00:00, run_after=2028-01-01 00:00:00+00:00
[2026-02-24T13:05:15.295+0000] {processor.py:183} INFO - Processing /opt/airflow/dags/dag_load_database.py took 0.261 seconds
[2026-02-24T13:05:45.489+0000] {processor.py:161} INFO - Started process (PID=2653) to work on /opt/airflow/dags/dag_load_database.py
[2026-02-24T13:05:45.490+0000] {processor.py:830} INFO - Processing file /opt/airflow/dags/dag_load_database.py for tasks to queue
[2026-02-24T13:05:45.491+0000] {logging_mixin.py:188} INFO - [2026-02-24T13:05:45.491+0000] {dagbag.py:538} INFO - Filling up the DagBag from /opt/airflow/dags/dag_load_database.py
[2026-02-24T13:05:45.689+0000] {processor.py:840} INFO - DAG(s) 'dag_load_database' retrieved from /opt/airflow/dags/dag_load_database.py
[2026-02-24T13:05:45.711+0000] {logging_mixin.py:188} INFO - [2026-02-24T13:05:45.711+0000] {dag.py:3036} INFO - Sync 1 DAGs
[2026-02-24T13:05:45.732+0000] {logging_mixin.py:188} INFO - [2026-02-24T13:05:45.732+0000] {dag.py:3823} INFO - Setting next_dagrun for dag_load_database to 2027-01-01 00:00:00+00:00, run_after=2028-01-01 00:00:00+00:00
[2026-02-24T13:05:45.749+0000] {processor.py:183} INFO - Processing /opt/airflow/dags/dag_load_database.py took 0.262 seconds
[2026-02-24T13:06:15.959+0000] {processor.py:161} INFO - Started process (PID=2675) to work on /opt/airflow/dags/dag_load_database.py
[2026-02-24T13:06:15.960+0000] {processor.py:830} INFO - Processing file /opt/airflow/dags/dag_load_database.py for tasks to queue
[2026-02-24T13:06:15.961+0000] {logging_mixin.py:188} INFO - [2026-02-24T13:06:15.960+0000] {dagbag.py:538} INFO - Filling up the DagBag from /opt/airflow/dags/dag_load_database.py
[2026-02-24T13:06:16.156+0000] {processor.py:840} INFO - DAG(s) 'dag_load_database' retrieved from /opt/airflow/dags/dag_load_database.py
[2026-02-24T13:06:16.177+0000] {logging_mixin.py:188} INFO - [2026-02-24T13:06:16.176+0000] {dag.py:3036} INFO - Sync 1 DAGs
[2026-02-24T13:06:16.195+0000] {logging_mixin.py:188} INFO - [2026-02-24T13:06:16.194+0000] {dag.py:3823} INFO - Setting next_dagrun for dag_load_database to 2027-01-01 00:00:00+00:00, run_after=2028-01-01 00:00:00+00:00
[2026-02-24T13:06:16.303+0000] {processor.py:183} INFO - Processing /opt/airflow/dags/dag_load_database.py took 0.346 seconds
[2026-02-24T13:06:46.468+0000] {processor.py:161} INFO - Started process (PID=2705) to work on /opt/airflow/dags/dag_load_database.py
[2026-02-24T13:06:46.469+0000] {processor.py:830} INFO - Processing file /opt/airflow/dags/dag_load_database.py for tasks to queue
[2026-02-24T13:06:46.470+0000] {logging_mixin.py:188} INFO - [2026-02-24T13:06:46.470+0000] {dagbag.py:538} INFO - Filling up the DagBag from /opt/airflow/dags/dag_load_database.py
[2026-02-24T13:06:46.637+0000] {processor.py:840} INFO - DAG(s) 'dag_load_database' retrieved from /opt/airflow/dags/dag_load_database.py
[2026-02-24T13:06:46.655+0000] {logging_mixin.py:188} INFO - [2026-02-24T13:06:46.655+0000] {dag.py:3036} INFO - Sync 1 DAGs
[2026-02-24T13:06:46.754+0000] {logging_mixin.py:188} INFO - [2026-02-24T13:06:46.754+0000] {dag.py:3823} INFO - Setting next_dagrun for dag_load_database to 2027-01-01 00:00:00+00:00, run_after=2028-01-01 00:00:00+00:00
[2026-02-24T13:06:46.766+0000] {processor.py:183} INFO - Processing /opt/airflow/dags/dag_load_database.py took 0.299 seconds
[2026-02-24T13:07:16.948+0000] {processor.py:161} INFO - Started process (PID=2734) to work on /opt/airflow/dags/dag_load_database.py
[2026-02-24T13:07:16.949+0000] {processor.py:830} INFO - Processing file /opt/airflow/dags/dag_load_database.py for tasks to queue
[2026-02-24T13:07:16.950+0000] {logging_mixin.py:188} INFO - [2026-02-24T13:07:16.949+0000] {dagbag.py:538} INFO - Filling up the DagBag from /opt/airflow/dags/dag_load_database.py
[2026-02-24T13:07:17.145+0000] {processor.py:840} INFO - DAG(s) 'dag_load_database' retrieved from /opt/airflow/dags/dag_load_database.py
[2026-02-24T13:07:17.163+0000] {logging_mixin.py:188} INFO - [2026-02-24T13:07:17.163+0000] {dag.py:3036} INFO - Sync 1 DAGs
[2026-02-24T13:07:17.266+0000] {logging_mixin.py:188} INFO - [2026-02-24T13:07:17.265+0000] {dag.py:3823} INFO - Setting next_dagrun for dag_load_database to 2027-01-01 00:00:00+00:00, run_after=2028-01-01 00:00:00+00:00
[2026-02-24T13:07:17.279+0000] {processor.py:183} INFO - Processing /opt/airflow/dags/dag_load_database.py took 0.334 seconds
[2026-02-24T13:07:47.459+0000] {processor.py:161} INFO - Started process (PID=2760) to work on /opt/airflow/dags/dag_load_database.py
[2026-02-24T13:07:47.460+0000] {processor.py:830} INFO - Processing file /opt/airflow/dags/dag_load_database.py for tasks to queue
[2026-02-24T13:07:47.461+0000] {logging_mixin.py:188} INFO - [2026-02-24T13:07:47.461+0000] {dagbag.py:538} INFO - Filling up the DagBag from /opt/airflow/dags/dag_load_database.py
[2026-02-24T13:07:47.664+0000] {processor.py:840} INFO - DAG(s) 'dag_load_database' retrieved from /opt/airflow/dags/dag_load_database.py
[2026-02-24T13:07:47.689+0000] {logging_mixin.py:188} INFO - [2026-02-24T13:07:47.688+0000] {dag.py:3036} INFO - Sync 1 DAGs
[2026-02-24T13:07:47.815+0000] {logging_mixin.py:188} INFO - [2026-02-24T13:07:47.815+0000] {dag.py:3823} INFO - Setting next_dagrun for dag_load_database to 2027-01-01 00:00:00+00:00, run_after=2028-01-01 00:00:00+00:00
[2026-02-24T13:07:47.828+0000] {processor.py:183} INFO - Processing /opt/airflow/dags/dag_load_database.py took 0.373 seconds
[2026-02-24T13:08:17.985+0000] {processor.py:161} INFO - Started process (PID=2790) to work on /opt/airflow/dags/dag_load_database.py
[2026-02-24T13:08:17.986+0000] {processor.py:830} INFO - Processing file /opt/airflow/dags/dag_load_database.py for tasks to queue
[2026-02-24T13:08:17.988+0000] {logging_mixin.py:188} INFO - [2026-02-24T13:08:17.987+0000] {dagbag.py:538} INFO - Filling up the DagBag from /opt/airflow/dags/dag_load_database.py
[2026-02-24T13:08:18.236+0000] {processor.py:840} INFO - DAG(s) 'dag_load_database' retrieved from /opt/airflow/dags/dag_load_database.py
[2026-02-24T13:08:18.255+0000] {logging_mixin.py:188} INFO - [2026-02-24T13:08:18.255+0000] {dag.py:3036} INFO - Sync 1 DAGs
[2026-02-24T13:08:18.270+0000] {logging_mixin.py:188} INFO - [2026-02-24T13:08:18.270+0000] {dag.py:3823} INFO - Setting next_dagrun for dag_load_database to 2027-01-01 00:00:00+00:00, run_after=2028-01-01 00:00:00+00:00
[2026-02-24T13:08:18.282+0000] {processor.py:183} INFO - Processing /opt/airflow/dags/dag_load_database.py took 0.300 seconds
[2026-02-24T13:08:48.416+0000] {processor.py:161} INFO - Started process (PID=2824) to work on /opt/airflow/dags/dag_load_database.py
[2026-02-24T13:08:48.416+0000] {processor.py:830} INFO - Processing file /opt/airflow/dags/dag_load_database.py for tasks to queue
[2026-02-24T13:08:48.417+0000] {logging_mixin.py:188} INFO - [2026-02-24T13:08:48.417+0000] {dagbag.py:538} INFO - Filling up the DagBag from /opt/airflow/dags/dag_load_database.py
[2026-02-24T13:08:48.590+0000] {processor.py:840} INFO - DAG(s) 'dag_load_database' retrieved from /opt/airflow/dags/dag_load_database.py
[2026-02-24T13:08:48.613+0000] {logging_mixin.py:188} INFO - [2026-02-24T13:08:48.612+0000] {dag.py:3036} INFO - Sync 1 DAGs
[2026-02-24T13:08:48.627+0000] {logging_mixin.py:188} INFO - [2026-02-24T13:08:48.627+0000] {dag.py:3823} INFO - Setting next_dagrun for dag_load_database to 2027-01-01 00:00:00+00:00, run_after=2028-01-01 00:00:00+00:00
[2026-02-24T13:08:48.639+0000] {processor.py:183} INFO - Processing /opt/airflow/dags/dag_load_database.py took 0.226 seconds
[2026-02-24T13:09:18.802+0000] {processor.py:161} INFO - Started process (PID=2854) to work on /opt/airflow/dags/dag_load_database.py
[2026-02-24T13:09:18.803+0000] {processor.py:830} INFO - Processing file /opt/airflow/dags/dag_load_database.py for tasks to queue
[2026-02-24T13:09:18.804+0000] {logging_mixin.py:188} INFO - [2026-02-24T13:09:18.804+0000] {dagbag.py:538} INFO - Filling up the DagBag from /opt/airflow/dags/dag_load_database.py
[2026-02-24T13:09:18.992+0000] {processor.py:840} INFO - DAG(s) 'dag_load_database' retrieved from /opt/airflow/dags/dag_load_database.py
[2026-02-24T13:09:19.014+0000] {logging_mixin.py:188} INFO - [2026-02-24T13:09:19.014+0000] {dag.py:3036} INFO - Sync 1 DAGs
[2026-02-24T13:09:19.031+0000] {logging_mixin.py:188} INFO - [2026-02-24T13:09:19.031+0000] {dag.py:3823} INFO - Setting next_dagrun for dag_load_database to 2027-01-01 00:00:00+00:00, run_after=2028-01-01 00:00:00+00:00
[2026-02-24T13:09:19.137+0000] {processor.py:183} INFO - Processing /opt/airflow/dags/dag_load_database.py took 0.339 seconds
[2026-02-24T13:09:49.309+0000] {processor.py:161} INFO - Started process (PID=2884) to work on /opt/airflow/dags/dag_load_database.py
[2026-02-24T13:09:49.309+0000] {processor.py:830} INFO - Processing file /opt/airflow/dags/dag_load_database.py for tasks to queue
[2026-02-24T13:09:49.310+0000] {logging_mixin.py:188} INFO - [2026-02-24T13:09:49.310+0000] {dagbag.py:538} INFO - Filling up the DagBag from /opt/airflow/dags/dag_load_database.py
[2026-02-24T13:09:49.472+0000] {processor.py:840} INFO - DAG(s) 'dag_load_database' retrieved from /opt/airflow/dags/dag_load_database.py
[2026-02-24T13:09:49.490+0000] {logging_mixin.py:188} INFO - [2026-02-24T13:09:49.489+0000] {dag.py:3036} INFO - Sync 1 DAGs
[2026-02-24T13:09:49.580+0000] {logging_mixin.py:188} INFO - [2026-02-24T13:09:49.580+0000] {dag.py:3823} INFO - Setting next_dagrun for dag_load_database to 2027-01-01 00:00:00+00:00, run_after=2028-01-01 00:00:00+00:00
[2026-02-24T13:09:49.591+0000] {processor.py:183} INFO - Processing /opt/airflow/dags/dag_load_database.py took 0.285 seconds
[2026-02-24T13:10:19.829+0000] {processor.py:161} INFO - Started process (PID=2906) to work on /opt/airflow/dags/dag_load_database.py
[2026-02-24T13:10:19.830+0000] {processor.py:830} INFO - Processing file /opt/airflow/dags/dag_load_database.py for tasks to queue
[2026-02-24T13:10:19.831+0000] {logging_mixin.py:188} INFO - [2026-02-24T13:10:19.831+0000] {dagbag.py:538} INFO - Filling up the DagBag from /opt/airflow/dags/dag_load_database.py
[2026-02-24T13:10:19.992+0000] {processor.py:840} INFO - DAG(s) 'dag_load_database' retrieved from /opt/airflow/dags/dag_load_database.py
[2026-02-24T13:10:20.012+0000] {logging_mixin.py:188} INFO - [2026-02-24T13:10:20.012+0000] {dag.py:3036} INFO - Sync 1 DAGs
[2026-02-24T13:10:20.105+0000] {logging_mixin.py:188} INFO - [2026-02-24T13:10:20.105+0000] {dag.py:3823} INFO - Setting next_dagrun for dag_load_database to 2027-01-01 00:00:00+00:00, run_after=2028-01-01 00:00:00+00:00
[2026-02-24T13:10:20.121+0000] {processor.py:183} INFO - Processing /opt/airflow/dags/dag_load_database.py took 0.294 seconds
[2026-02-24T13:10:50.297+0000] {processor.py:161} INFO - Started process (PID=2936) to work on /opt/airflow/dags/dag_load_database.py
[2026-02-24T13:10:50.298+0000] {processor.py:830} INFO - Processing file /opt/airflow/dags/dag_load_database.py for tasks to queue
[2026-02-24T13:10:50.298+0000] {logging_mixin.py:188} INFO - [2026-02-24T13:10:50.298+0000] {dagbag.py:538} INFO - Filling up the DagBag from /opt/airflow/dags/dag_load_database.py
[2026-02-24T13:10:50.464+0000] {processor.py:840} INFO - DAG(s) 'dag_load_database' retrieved from /opt/airflow/dags/dag_load_database.py
[2026-02-24T13:10:50.558+0000] {logging_mixin.py:188} INFO - [2026-02-24T13:10:50.557+0000] {dag.py:3036} INFO - Sync 1 DAGs
[2026-02-24T13:10:50.570+0000] {logging_mixin.py:188} INFO - [2026-02-24T13:10:50.570+0000] {dag.py:3823} INFO - Setting next_dagrun for dag_load_database to 2027-01-01 00:00:00+00:00, run_after=2028-01-01 00:00:00+00:00
[2026-02-24T13:10:50.580+0000] {processor.py:183} INFO - Processing /opt/airflow/dags/dag_load_database.py took 0.286 seconds
[2026-02-24T13:11:20.766+0000] {processor.py:161} INFO - Started process (PID=2966) to work on /opt/airflow/dags/dag_load_database.py
[2026-02-24T13:11:20.767+0000] {processor.py:830} INFO - Processing file /opt/airflow/dags/dag_load_database.py for tasks to queue
[2026-02-24T13:11:20.768+0000] {logging_mixin.py:188} INFO - [2026-02-24T13:11:20.767+0000] {dagbag.py:538} INFO - Filling up the DagBag from /opt/airflow/dags/dag_load_database.py
[2026-02-24T13:11:20.981+0000] {processor.py:840} INFO - DAG(s) 'dag_load_database' retrieved from /opt/airflow/dags/dag_load_database.py
[2026-02-24T13:11:21.004+0000] {logging_mixin.py:188} INFO - [2026-02-24T13:11:21.003+0000] {dag.py:3036} INFO - Sync 1 DAGs
[2026-02-24T13:11:21.023+0000] {logging_mixin.py:188} INFO - [2026-02-24T13:11:21.023+0000] {dag.py:3823} INFO - Setting next_dagrun for dag_load_database to 2027-01-01 00:00:00+00:00, run_after=2028-01-01 00:00:00+00:00
[2026-02-24T13:11:21.042+0000] {processor.py:183} INFO - Processing /opt/airflow/dags/dag_load_database.py took 0.280 seconds
[2026-02-24T13:11:51.225+0000] {processor.py:161} INFO - Started process (PID=2988) to work on /opt/airflow/dags/dag_load_database.py
[2026-02-24T13:11:51.225+0000] {processor.py:830} INFO - Processing file /opt/airflow/dags/dag_load_database.py for tasks to queue
[2026-02-24T13:11:51.226+0000] {logging_mixin.py:188} INFO - [2026-02-24T13:11:51.226+0000] {dagbag.py:538} INFO - Filling up the DagBag from /opt/airflow/dags/dag_load_database.py
[2026-02-24T13:11:51.392+0000] {processor.py:840} INFO - DAG(s) 'dag_load_database' retrieved from /opt/airflow/dags/dag_load_database.py
[2026-02-24T13:11:51.416+0000] {logging_mixin.py:188} INFO - [2026-02-24T13:11:51.416+0000] {dag.py:3036} INFO - Sync 1 DAGs
[2026-02-24T13:11:51.431+0000] {logging_mixin.py:188} INFO - [2026-02-24T13:11:51.431+0000] {dag.py:3823} INFO - Setting next_dagrun for dag_load_database to 2027-01-01 00:00:00+00:00, run_after=2028-01-01 00:00:00+00:00
[2026-02-24T13:11:51.528+0000] {processor.py:183} INFO - Processing /opt/airflow/dags/dag_load_database.py took 0.306 seconds
[2026-02-24T13:12:21.770+0000] {processor.py:161} INFO - Started process (PID=3018) to work on /opt/airflow/dags/dag_load_database.py
[2026-02-24T13:12:21.771+0000] {processor.py:830} INFO - Processing file /opt/airflow/dags/dag_load_database.py for tasks to queue
[2026-02-24T13:12:21.772+0000] {logging_mixin.py:188} INFO - [2026-02-24T13:12:21.772+0000] {dagbag.py:538} INFO - Filling up the DagBag from /opt/airflow/dags/dag_load_database.py
[2026-02-24T13:12:21.944+0000] {processor.py:840} INFO - DAG(s) 'dag_load_database' retrieved from /opt/airflow/dags/dag_load_database.py
[2026-02-24T13:12:21.965+0000] {logging_mixin.py:188} INFO - [2026-02-24T13:12:21.964+0000] {dag.py:3036} INFO - Sync 1 DAGs
[2026-02-24T13:12:22.059+0000] {logging_mixin.py:188} INFO - [2026-02-24T13:12:22.059+0000] {dag.py:3823} INFO - Setting next_dagrun for dag_load_database to 2027-01-01 00:00:00+00:00, run_after=2028-01-01 00:00:00+00:00
[2026-02-24T13:12:22.070+0000] {processor.py:183} INFO - Processing /opt/airflow/dags/dag_load_database.py took 0.303 seconds
[2026-02-24T13:12:52.250+0000] {processor.py:161} INFO - Started process (PID=3048) to work on /opt/airflow/dags/dag_load_database.py
[2026-02-24T13:12:52.251+0000] {processor.py:830} INFO - Processing file /opt/airflow/dags/dag_load_database.py for tasks to queue
[2026-02-24T13:12:52.252+0000] {logging_mixin.py:188} INFO - [2026-02-24T13:12:52.252+0000] {dagbag.py:538} INFO - Filling up the DagBag from /opt/airflow/dags/dag_load_database.py
[2026-02-24T13:12:52.490+0000] {processor.py:840} INFO - DAG(s) 'dag_load_database' retrieved from /opt/airflow/dags/dag_load_database.py
[2026-02-24T13:12:52.514+0000] {logging_mixin.py:188} INFO - [2026-02-24T13:12:52.513+0000] {dag.py:3036} INFO - Sync 1 DAGs
[2026-02-24T13:12:52.647+0000] {logging_mixin.py:188} INFO - [2026-02-24T13:12:52.646+0000] {dag.py:3823} INFO - Setting next_dagrun for dag_load_database to 2027-01-01 00:00:00+00:00, run_after=2028-01-01 00:00:00+00:00
[2026-02-24T13:12:52.662+0000] {processor.py:183} INFO - Processing /opt/airflow/dags/dag_load_database.py took 0.414 seconds
