[2026-02-24T13:07:33.215+0000] {taskinstance.py:1956} INFO - Dependencies all met for dep_context=non-requeueable deps ti=<TaskInstance: dag_load_database.load_raw manual__2026-02-24T13:07:32.457262+00:00 [queued]>
[2026-02-24T13:07:33.224+0000] {taskinstance.py:1956} INFO - Dependencies all met for dep_context=requeueable deps ti=<TaskInstance: dag_load_database.load_raw manual__2026-02-24T13:07:32.457262+00:00 [queued]>
[2026-02-24T13:07:33.224+0000] {taskinstance.py:2170} INFO - Starting attempt 1 of 2
[2026-02-24T13:07:33.237+0000] {taskinstance.py:2191} INFO - Executing <Task(PythonOperator): load_raw> on 2026-02-24 13:07:32.457262+00:00
[2026-02-24T13:07:33.241+0000] {standard_task_runner.py:60} INFO - Started process 2751 to run task
[2026-02-24T13:07:33.245+0000] {standard_task_runner.py:87} INFO - Running: ['***', 'tasks', 'run', 'dag_load_database', 'load_raw', 'manual__2026-02-24T13:07:32.457262+00:00', '--job-id', '41', '--raw', '--subdir', 'DAGS_FOLDER/dag_load_database.py', '--cfg-path', '/tmp/tmp45u5h1n_']
[2026-02-24T13:07:33.247+0000] {standard_task_runner.py:88} INFO - Job 41: Subtask load_raw
[2026-02-24T13:07:33.263+0000] {logging_mixin.py:188} WARNING - /home/***/.local/lib/python3.8/site-packages/***/settings.py:194 DeprecationWarning: The sql_alchemy_conn option in [core] has been moved to the sql_alchemy_conn option in [database] - the old setting has been used, but please update your config.
[2026-02-24T13:07:33.308+0000] {task_command.py:423} INFO - Running <TaskInstance: dag_load_database.load_raw manual__2026-02-24T13:07:32.457262+00:00 [running]> on host e99f2a475ca3
[2026-02-24T13:07:33.460+0000] {taskinstance.py:2480} INFO - Exporting env vars: AIRFLOW_CTX_DAG_OWNER='***' AIRFLOW_CTX_DAG_ID='dag_load_database' AIRFLOW_CTX_TASK_ID='load_raw' AIRFLOW_CTX_EXECUTION_DATE='2026-02-24T13:07:32.457262+00:00' AIRFLOW_CTX_TRY_NUMBER='1' AIRFLOW_CTX_DAG_RUN_ID='manual__2026-02-24T13:07:32.457262+00:00'
[2026-02-24T13:07:33.467+0000] {base.py:83} INFO - Using connection ID 'postgres_data_conn' for task execution.
[2026-02-24T13:07:33.468+0000] {dag_load_database.py:28} INFO - ---Процесс загрузки 1 файла---
[2026-02-24T13:07:36.911+0000] {dag_load_database.py:33} INFO - В процессе загрузки 100000 строк
[2026-02-24T13:07:41.003+0000] {dag_load_database.py:33} INFO - В процессе загрузки 200000 строк
[2026-02-24T13:07:44.248+0000] {dag_load_database.py:33} INFO - В процессе загрузки 300000 строк
[2026-02-24T13:07:47.630+0000] {dag_load_database.py:33} INFO - В процессе загрузки 400000 строк
[2026-02-24T13:07:51.397+0000] {dag_load_database.py:33} INFO - В процессе загрузки 500000 строк
[2026-02-24T13:07:54.750+0000] {dag_load_database.py:33} INFO - В процессе загрузки 600000 строк
[2026-02-24T13:07:58.140+0000] {dag_load_database.py:33} INFO - В процессе загрузки 700000 строк
[2026-02-24T13:08:01.433+0000] {dag_load_database.py:33} INFO - В процессе загрузки 800000 строк
[2026-02-24T13:08:04.871+0000] {dag_load_database.py:33} INFO - В процессе загрузки 900000 строк
[2026-02-24T13:08:08.049+0000] {dag_load_database.py:33} INFO - В процессе загрузки 1000000 строк
[2026-02-24T13:08:11.399+0000] {dag_load_database.py:33} INFO - В процессе загрузки 1100000 строк
[2026-02-24T13:08:14.676+0000] {dag_load_database.py:33} INFO - В процессе загрузки 1200000 строк
[2026-02-24T13:08:18.339+0000] {dag_load_database.py:33} INFO - В процессе загрузки 1300000 строк
[2026-02-24T13:08:21.946+0000] {dag_load_database.py:33} INFO - В процессе загрузки 1400000 строк
[2026-02-24T13:08:24.088+0000] {dag_load_database.py:33} INFO - В процессе загрузки 1458644 строк
[2026-02-24T13:08:24.089+0000] {dag_load_database.py:35} INFO - Загружено 1458644 строк
[2026-02-24T13:08:24.089+0000] {dag_load_database.py:38} INFO - ---Процесс загрузки 2 файла---
[2026-02-24T13:08:24.107+0000] {dag_load_database.py:43} INFO - В процессе загрузки 366 строк
[2026-02-24T13:08:24.108+0000] {dag_load_database.py:45} INFO - Загружено 366 строк
[2026-02-24T13:08:24.109+0000] {python.py:201} INFO - Done. Returned value was: None
[2026-02-24T13:08:24.118+0000] {taskinstance.py:1138} INFO - Marking task as SUCCESS. dag_id=dag_load_database, task_id=load_raw, execution_date=20260224T130732, start_date=20260224T130733, end_date=20260224T130824
[2026-02-24T13:08:24.167+0000] {local_task_job_runner.py:234} INFO - Task exited with return code 0
[2026-02-24T13:08:24.184+0000] {taskinstance.py:3280} INFO - 0 downstream tasks scheduled from follow-on schedule check
