[2026-02-24T12:48:25.626+0000] {taskinstance.py:1956} INFO - Dependencies all met for dep_context=non-requeueable deps ti=<TaskInstance: dag_load_database.load_raw manual__2026-02-24T12:48:24.326526+00:00 [queued]>
[2026-02-24T12:48:25.631+0000] {taskinstance.py:1956} INFO - Dependencies all met for dep_context=requeueable deps ti=<TaskInstance: dag_load_database.load_raw manual__2026-02-24T12:48:24.326526+00:00 [queued]>
[2026-02-24T12:48:25.632+0000] {taskinstance.py:2170} INFO - Starting attempt 1 of 2
[2026-02-24T12:48:25.640+0000] {taskinstance.py:2191} INFO - Executing <Task(PythonOperator): load_raw> on 2026-02-24 12:48:24.326526+00:00
[2026-02-24T12:48:25.644+0000] {standard_task_runner.py:60} INFO - Started process 1708 to run task
[2026-02-24T12:48:25.647+0000] {standard_task_runner.py:87} INFO - Running: ['***', 'tasks', 'run', 'dag_load_database', 'load_raw', 'manual__2026-02-24T12:48:24.326526+00:00', '--job-id', '36', '--raw', '--subdir', 'DAGS_FOLDER/dag_load_database.py', '--cfg-path', '/tmp/tmpma7ep9fs']
[2026-02-24T12:48:25.649+0000] {standard_task_runner.py:88} INFO - Job 36: Subtask load_raw
[2026-02-24T12:48:25.663+0000] {logging_mixin.py:188} WARNING - /home/***/.local/lib/python3.8/site-packages/***/settings.py:194 DeprecationWarning: The sql_alchemy_conn option in [core] has been moved to the sql_alchemy_conn option in [database] - the old setting has been used, but please update your config.
[2026-02-24T12:48:25.700+0000] {task_command.py:423} INFO - Running <TaskInstance: dag_load_database.load_raw manual__2026-02-24T12:48:24.326526+00:00 [running]> on host e99f2a475ca3
[2026-02-24T12:48:25.865+0000] {taskinstance.py:2480} INFO - Exporting env vars: AIRFLOW_CTX_DAG_OWNER='***' AIRFLOW_CTX_DAG_ID='dag_load_database' AIRFLOW_CTX_TASK_ID='load_raw' AIRFLOW_CTX_EXECUTION_DATE='2026-02-24T12:48:24.326526+00:00' AIRFLOW_CTX_TRY_NUMBER='1' AIRFLOW_CTX_DAG_RUN_ID='manual__2026-02-24T12:48:24.326526+00:00'
[2026-02-24T12:48:25.872+0000] {base.py:83} INFO - Using connection ID 'postgres_data_conn' for task execution.
[2026-02-24T12:48:25.873+0000] {dag_load_database.py:28} INFO - ---Процесс загрузки 1 файла---
[2026-02-24T12:48:29.883+0000] {dag_load_database.py:33} INFO - В процессе загрузки 100000 строк
[2026-02-24T12:48:33.260+0000] {dag_load_database.py:33} INFO - В процессе загрузки 200000 строк
[2026-02-24T12:48:36.387+0000] {dag_load_database.py:33} INFO - В процессе загрузки 300000 строк
[2026-02-24T12:48:39.722+0000] {dag_load_database.py:33} INFO - В процессе загрузки 400000 строк
[2026-02-24T12:48:43.199+0000] {dag_load_database.py:33} INFO - В процессе загрузки 500000 строк
[2026-02-24T12:48:46.401+0000] {dag_load_database.py:33} INFO - В процессе загрузки 600000 строк
[2026-02-24T12:48:49.773+0000] {dag_load_database.py:33} INFO - В процессе загрузки 700000 строк
[2026-02-24T12:48:53.079+0000] {dag_load_database.py:33} INFO - В процессе загрузки 800000 строк
[2026-02-24T12:48:56.383+0000] {dag_load_database.py:33} INFO - В процессе загрузки 900000 строк
[2026-02-24T12:49:00.066+0000] {dag_load_database.py:33} INFO - В процессе загрузки 1000000 строк
[2026-02-24T12:49:03.469+0000] {dag_load_database.py:33} INFO - В процессе загрузки 1100000 строк
[2026-02-24T12:49:06.884+0000] {dag_load_database.py:33} INFO - В процессе загрузки 1200000 строк
[2026-02-24T12:49:10.155+0000] {dag_load_database.py:33} INFO - В процессе загрузки 1300000 строк
[2026-02-24T12:49:13.491+0000] {dag_load_database.py:33} INFO - В процессе загрузки 1400000 строк
[2026-02-24T12:49:15.330+0000] {dag_load_database.py:33} INFO - В процессе загрузки 1458644 строк
[2026-02-24T12:49:15.331+0000] {dag_load_database.py:35} INFO - Загружено 1458644 строк
[2026-02-24T12:49:15.331+0000] {dag_load_database.py:38} INFO - ---Процесс загрузки 2 файла---
[2026-02-24T12:49:15.361+0000] {dag_load_database.py:43} INFO - В процессе загрузки 366 строк
[2026-02-24T12:49:15.361+0000] {dag_load_database.py:45} INFO - Загружено 366 строк
[2026-02-24T12:49:15.363+0000] {python.py:201} INFO - Done. Returned value was: None
[2026-02-24T12:49:15.369+0000] {taskinstance.py:1138} INFO - Marking task as SUCCESS. dag_id=dag_load_database, task_id=load_raw, execution_date=20260224T124824, start_date=20260224T124825, end_date=20260224T124915
[2026-02-24T12:49:15.422+0000] {local_task_job_runner.py:234} INFO - Task exited with return code 0
[2026-02-24T12:49:15.439+0000] {taskinstance.py:3280} INFO - 1 downstream tasks scheduled from follow-on schedule check
